#
# There is insufficient memory for the Java Runtime Environment to continue.
# Native memory allocation (malloc) failed to allocate 65552 bytes for Chunk::new
# Possible reasons:
#   The system is out of physical RAM or swap space
#   The process is running with CompressedOops enabled, and the Java Heap may be blocking the growth of the native heap
# Possible solutions:
#   Reduce memory load on the system
#   Increase physical memory or swap space
#   Check if swap backing store is full
#   Decrease Java heap size (-Xmx/-Xms)
#   Decrease number of Java threads
#   Decrease Java thread stack sizes (-Xss)
#   Set larger code cache with -XX:ReservedCodeCacheSize=
#   JVM is running with Unscaled Compressed Oops mode in which the Java heap is
#     placed in the first 4GB address space. The Java Heap base address is the
#     maximum limit for the native heap growth. Please use -XX:HeapBaseMinAddress
#     to set the Java Heap base and to place the Java Heap above 4GB virtual address.
# This output file may be truncated or incomplete.
#
#  Out of Memory Error (arena.cpp:189), pid=27076, tid=13656
#
# JRE version: OpenJDK Runtime Environment Temurin-17.0.3+7 (17.0.3+7) (build 17.0.3+7)
# Java VM: OpenJDK 64-Bit Server VM Temurin-17.0.3+7 (17.0.3+7, mixed mode, tiered, compressed oops, compressed class ptrs, parallel gc, windows-amd64)
# No core dump will be written. Minidumps are not enabled by default on client versions of Windows
#

---------------  S U M M A R Y ------------

Command Line: --add-modules=ALL-SYSTEM --add-opens=java.base/java.util=ALL-UNNAMED --add-opens=java.base/java.lang=ALL-UNNAMED --add-opens=java.base/sun.nio.fs=ALL-UNNAMED -Declipse.application=org.eclipse.jdt.ls.core.id1 -Dosgi.bundles.defaultStartLevel=4 -Declipse.product=org.eclipse.jdt.ls.core.product -Djava.import.generatesMetadataFilesAtProjectRoot=false -Dfile.encoding=utf8 -DwatchParentProcess=false -XX:+UseParallelGC -XX:GCTimeRatio=4 -XX:AdaptiveSizePolicyWeight=90 -Dsun.zip.disableMemoryMapping=true -Xmx1G -Xms100m -javaagent:c:\Users\AKSHAY\.vscode\extensions\redhat.java-1.9.0-win32-x64\lombok\lombok-1.18.24.jar c:\Users\AKSHAY\.vscode\extensions\redhat.java-1.9.0-win32-x64\server\plugins\org.eclipse.equinox.launcher_1.6.400.v20210924-0641.jar -configuration c:\Users\AKSHAY\AppData\Roaming\Code\User\globalStorage\redhat.java\1.9.0\config_ss_win -data c:\Users\AKSHAY\AppData\Roaming\Code\User\workspaceStorage\9989eb8147b1e7c53547750064fde22c\redhat.java\ss_ws

Host: Intel(R) Core(TM) i5-10300H CPU @ 2.50GHz, 8 cores, 15G,  Windows 11 , 64 bit Build 22621 (10.0.22621.3085)
Time: Sat Feb 24 22:21:59 2024 India Standard Time elapsed time: 0.661997 seconds (0d 0h 0m 0s)

---------------  T H R E A D  ---------------

Current thread (0x000001c929c74ef0):  JavaThread "C2 CompilerThread1" daemon [_thread_in_native, id=13656, stack(0x0000000d39d00000,0x0000000d39e00000)]


Current CompileTask:
C2:    662  526       4       lombok.patcher.PatchScript::classMatches (41 bytes)

Stack: [0x0000000d39d00000,0x0000000d39e00000]
Native frames: (J=compiled Java code, j=interpreted, Vv=VM code, C=native code)
V  [jvm.dll+0x675efa]
V  [jvm.dll+0x830a24]
V  [jvm.dll+0x8321ce]
V  [jvm.dll+0x832833]
V  [jvm.dll+0x2454b5]
V  [jvm.dll+0xabd7b]
V  [jvm.dll+0xac30c]
V  [jvm.dll+0x69adb2]
V  [jvm.dll+0x69b1f3]
V  [jvm.dll+0x69caa2]
V  [jvm.dll+0x69b7ba]
V  [jvm.dll+0x2205b4]
V  [jvm.dll+0x219f54]
V  [jvm.dll+0x21767b]
V  [jvm.dll+0x1a3ccd]
V  [jvm.dll+0x227178]
V  [jvm.dll+0x2252bc]
V  [jvm.dll+0x7e673b]
V  [jvm.dll+0x7e0cfa]
V  [jvm.dll+0x674d85]
C  [ucrtbase.dll+0x29363]
C  [KERNEL32.DLL+0x1257d]
C  [ntdll.dll+0x5aa58]


---------------  P R O C E S S  ---------------

Threads class SMR info:
_java_thread_list=0x000001c929f72a20, length=14, elements={
0x000001c91436f200, 0x000001c91441c4a0, 0x000001c91441d7f0, 0x000001c9281d9d40,
0x000001c9281da800, 0x000001c9281dbbf0, 0x000001c929c54f30, 0x000001c929c6b620,
0x000001c929c73fc0, 0x000001c929c81480, 0x000001c929d68190, 0x000001c929c74ef0,
0x000001c929f3c3b0, 0x000001c929c744d0
}

Java Threads: ( => current thread )
  0x000001c91436f200 JavaThread "main" [_thread_in_native_trans, id=6020, stack(0x0000000d39000000,0x0000000d39100000)]
  0x000001c91441c4a0 JavaThread "Reference Handler" daemon [_thread_blocked, id=9132, stack(0x0000000d39300000,0x0000000d39400000)]
  0x000001c91441d7f0 JavaThread "Finalizer" daemon [_thread_blocked, id=24596, stack(0x0000000d39400000,0x0000000d39500000)]
  0x000001c9281d9d40 JavaThread "Signal Dispatcher" daemon [_thread_blocked, id=13788, stack(0x0000000d39500000,0x0000000d39600000)]
  0x000001c9281da800 JavaThread "Attach Listener" daemon [_thread_blocked, id=17760, stack(0x0000000d39600000,0x0000000d39700000)]
  0x000001c9281dbbf0 JavaThread "Service Thread" daemon [_thread_blocked, id=21368, stack(0x0000000d39700000,0x0000000d39800000)]
  0x000001c929c54f30 JavaThread "Monitor Deflation Thread" daemon [_thread_blocked, id=22340, stack(0x0000000d39800000,0x0000000d39900000)]
  0x000001c929c6b620 JavaThread "C2 CompilerThread0" daemon [_thread_in_native, id=13636, stack(0x0000000d39900000,0x0000000d39a00000)]
  0x000001c929c73fc0 JavaThread "C1 CompilerThread0" daemon [_thread_in_native, id=23596, stack(0x0000000d39a00000,0x0000000d39b00000)]
  0x000001c929c81480 JavaThread "Sweeper thread" daemon [_thread_blocked, id=16496, stack(0x0000000d39b00000,0x0000000d39c00000)]
  0x000001c929d68190 JavaThread "Common-Cleaner" daemon [_thread_blocked, id=26928, stack(0x0000000d39c00000,0x0000000d39d00000)]
=>0x000001c929c74ef0 JavaThread "C2 CompilerThread1" daemon [_thread_in_native, id=13656, stack(0x0000000d39d00000,0x0000000d39e00000)]
  0x000001c929f3c3b0 JavaThread "Notification Thread" daemon [_thread_blocked, id=21560, stack(0x0000000d39e00000,0x0000000d39f00000)]
  0x000001c929c744d0 JavaThread "C2 CompilerThread2" daemon [_thread_in_native, id=2852, stack(0x0000000d3a000000,0x0000000d3a100000)]

Other Threads:
  0x000001c9143f3a20 VMThread "VM Thread" [stack: 0x0000000d39200000,0x0000000d39300000] [id=28360]
  0x000001c929ff8cf0 WatcherThread [stack: 0x0000000d39f00000,0x0000000d3a000000] [id=24248]
  0x000001c9143861f0 GCTaskThread "GC Thread#0" [stack: 0x0000000d39100000,0x0000000d39200000] [id=27944]

Threads with active compile tasks:
C2 CompilerThread0      697  542 %     4       sun.security.provider.SHA2::implCompress0 @ 27 (490 bytes)
C1 CompilerThread0      697  536       3       sun.security.provider.ByteArrayAccess::b2iBig64 (231 bytes)
C2 CompilerThread1      697  526       4       lombok.patcher.PatchScript::classMatches (41 bytes)
C2 CompilerThread2      697  548       4       lombok.patcher.scripts.MethodLevelPatchScript::patch (21 bytes)

VM state: not at safepoint (normal execution)

VM Mutex/Monitor currently owned by a thread: None

Heap address: 0x00000000c0000000, size: 1024 MB, Compressed Oops mode: 32-bit

CDS archive(s) not mapped
Compressed class space mapped at: 0x0000000100000000-0x0000000140000000, reserved size: 1073741824
Narrow klass base: 0x0000000000000000, Narrow klass shift: 3, Narrow klass range: 0x140000000

GC Precious Log:
 CPUs: 8 total, 8 available
 Memory: 16221M
 Large Page Support: Disabled
 NUMA Support: Disabled
 Compressed Oops: Enabled (32-bit)
 Alignments: Space 512K, Generation 512K, Heap 2M
 Heap Min Capacity: 100M
 Heap Initial Capacity: 100M
 Heap Max Capacity: 1G
 Pre-touch: Disabled
 Parallel Workers: 8

Heap:
 PSYoungGen      total 29696K, used 13406K [0x00000000eab00000, 0x00000000ecc00000, 0x0000000100000000)
  eden space 25600K, 52% used [0x00000000eab00000,0x00000000eb8178c8,0x00000000ec400000)
  from space 4096K, 0% used [0x00000000ec800000,0x00000000ec800000,0x00000000ecc00000)
  to   space 4096K, 0% used [0x00000000ec400000,0x00000000ec400000,0x00000000ec800000)
 ParOldGen       total 68608K, used 0K [0x00000000c0000000, 0x00000000c4300000, 0x00000000eab00000)
  object space 68608K, 0% used [0x00000000c0000000,0x00000000c0000000,0x00000000c4300000)
 Metaspace       used 8654K, committed 8832K, reserved 1064960K
  class space    used 871K, committed 960K, reserved 1048576K

Card table byte_map: [0x000001c913d40000,0x000001c913f50000] _byte_map_base: 0x000001c913740000

Marking Bits: (ParMarkBitMap*) 0x00007ffd00934b80
 Begin Bits: [0x000001c925fe0000, 0x000001c926fe0000)
 End Bits:   [0x000001c926fe0000, 0x000001c927fe0000)

Polling page: 0x000001c913b30000

Metaspace:

Usage:
  Non-class:      7.60 MB used.
      Class:    871.75 KB used.
       Both:      8.45 MB used.

Virtual space:
  Non-class space:       16.00 MB reserved,       7.69 MB ( 48%) committed,  2 nodes.
      Class space:        1.00 GB reserved,     960.00 KB ( <1%) committed,  1 nodes.
             Both:        1.02 GB reserved,       8.62 MB ( <1%) committed. 

Chunk freelists:
   Non-Class:  3.92 MB
       Class:  3.09 MB
        Both:  7.01 MB

MaxMetaspaceSize: unlimited
CompressedClassSpaceSize: 1.00 GB
Initial GC threshold: 21.00 MB
Current GC threshold: 21.00 MB
CDS: off
MetaspaceReclaimPolicy: balanced
 - commit_granule_bytes: 65536.
 - commit_granule_words: 8192.
 - virtual_space_node_default_size: 1048576.
 - enlarge_chunks_in_place: 1.
 - new_chunks_are_fully_committed: 0.
 - uncommit_free_chunks: 1.
 - use_allocation_guard: 0.
 - handle_deallocations: 1.


Internal statistics:

num_allocs_failed_limit: 0.
num_arena_births: 10.
num_arena_deaths: 0.
num_vsnodes_births: 3.
num_vsnodes_deaths: 0.
num_space_committed: 138.
num_space_uncommitted: 0.
num_chunks_returned_to_freelist: 0.
num_chunks_taken_from_freelist: 44.
num_chunk_merges: 0.
num_chunk_splits: 24.
num_chunks_enlarged: 19.
num_purges: 0.
num_inconsistent_stats: 0.

CodeHeap 'non-profiled nmethods': size=120000Kb used=190Kb max_used=190Kb free=119809Kb
 bounds [0x000001c91eab0000, 0x000001c91ed20000, 0x000001c925fe0000]
CodeHeap 'profiled nmethods': size=120000Kb used=738Kb max_used=738Kb free=119261Kb
 bounds [0x000001c917580000, 0x000001c9177f0000, 0x000001c91eab0000]
CodeHeap 'non-nmethods': size=5760Kb used=1126Kb max_used=1148Kb free=4633Kb
 bounds [0x000001c916fe0000, 0x000001c917250000, 0x000001c917580000]
 total_blobs=947 nmethods=534 adapters=328
 compilation: enabled
              stopped_count=0, restarted_count=0
 full_count=0

Compilation events (20 events):
Event: 0.644 Thread 0x000001c929c73fc0 nmethod 520 0x000001c91eadc090 code [0x000001c91eadc220, 0x000001c91eadc2f8]
Event: 0.645 Thread 0x000001c929c74ef0 nmethod 523 0x000001c91eadc790 code [0x000001c91eadc920, 0x000001c91eadca38]
Event: 0.645 Thread 0x000001c929c74ef0  526       4       lombok.patcher.PatchScript::classMatches (41 bytes)
Event: 0.646 Thread 0x000001c929c73fc0  528       3       java.util.HashMap$EntryIterator::next (5 bytes)
Event: 0.646 Thread 0x000001c929c73fc0 nmethod 528 0x000001c917636090 code [0x000001c917636240, 0x000001c9176363c8]
Event: 0.646 Thread 0x000001c929c73fc0  529       3       java.util.HashMap$EntryIterator::next (5 bytes)
Event: 0.646 Thread 0x000001c929c73fc0 nmethod 529 0x000001c917636490 code [0x000001c917636620, 0x000001c917636768]
Event: 0.646 Thread 0x000001c929c73fc0  527       3       java.util.Arrays::copyOf (40 bytes)
Event: 0.646 Thread 0x000001c929c73fc0 nmethod 527 0x000001c917636810 code [0x000001c917636a00, 0x000001c9176370a8]
Event: 0.646 Thread 0x000001c929c73fc0  531       3       java.security.Provider$ServiceKey::<init> (39 bytes)
Event: 0.647 Thread 0x000001c929c73fc0 nmethod 531 0x000001c917637290 code [0x000001c917637480, 0x000001c9176378c8]
Event: 0.647 Thread 0x000001c929c73fc0  533       1       java.security.Provider$UString::toString (5 bytes)
Event: 0.647 Thread 0x000001c929c73fc0 nmethod 533 0x000001c91eadcb10 code [0x000001c91eadcca0, 0x000001c91eadcd78]
Event: 0.647 Thread 0x000001c929c73fc0  534       1       java.security.Provider$Service::getProvider (5 bytes)
Event: 0.647 Thread 0x000001c929c73fc0 nmethod 534 0x000001c91eadce10 code [0x000001c91eadcfa0, 0x000001c91eadd078]
Event: 0.647 Thread 0x000001c929c73fc0  535       3       sun.security.provider.SHA2::implCompress0 (490 bytes)
Event: 0.648 Thread 0x000001c929c73fc0 nmethod 535 0x000001c917637a90 code [0x000001c917637c80, 0x000001c9176384e8]
Event: 0.649 Thread 0x000001c929c73fc0  536       3       sun.security.provider.ByteArrayAccess::b2iBig64 (231 bytes)
Event: 0.659 Thread 0x000001c929c744d0 nmethod 522 0x000001c91eadd110 code [0x000001c91eadd2e0, 0x000001c91eadd958]
Event: 0.659 Thread 0x000001c929c744d0  524       4       java.util.HashSet::iterator (13 bytes)

GC Heap History (0 events):
No events

Deoptimization events (20 events):
Event: 0.508 Thread 0x000001c91436f200 DEOPT PACKING pc=0x000001c9175b0c13 sp=0x0000000d390f9af0
Event: 0.508 Thread 0x000001c91436f200 DEOPT UNPACKING pc=0x000001c917032843 sp=0x0000000d390f8fb0 mode 0
Event: 0.510 Thread 0x000001c91436f200 DEOPT PACKING pc=0x000001c9175b0c13 sp=0x0000000d390fafb0
Event: 0.510 Thread 0x000001c91436f200 DEOPT UNPACKING pc=0x000001c917032843 sp=0x0000000d390fa470 mode 0
Event: 0.515 Thread 0x000001c91436f200 DEOPT PACKING pc=0x000001c9175b0c13 sp=0x0000000d390fc8b0
Event: 0.515 Thread 0x000001c91436f200 DEOPT UNPACKING pc=0x000001c917032843 sp=0x0000000d390fbd70 mode 0
Event: 0.516 Thread 0x000001c91436f200 DEOPT PACKING pc=0x000001c9175b0c13 sp=0x0000000d390fc790
Event: 0.516 Thread 0x000001c91436f200 DEOPT UNPACKING pc=0x000001c917032843 sp=0x0000000d390fbc50 mode 0
Event: 0.527 Thread 0x000001c91436f200 Uncommon trap: trap_request=0xffffff45 fr.pc=0x000001c91eacb7d8 relative=0x0000000000000578
Event: 0.527 Thread 0x000001c91436f200 Uncommon trap: reason=unstable_if action=reinterpret pc=0x000001c91eacb7d8 method=java.util.HashMap.putVal(ILjava/lang/Object;Ljava/lang/Object;ZZ)Ljava/lang/Object; @ 181 c2
Event: 0.527 Thread 0x000001c91436f200 DEOPT PACKING pc=0x000001c91eacb7d8 sp=0x0000000d390fdf70
Event: 0.527 Thread 0x000001c91436f200 DEOPT UNPACKING pc=0x000001c9170320a3 sp=0x0000000d390fdee0 mode 2
Event: 0.568 Thread 0x000001c91436f200 Uncommon trap: trap_request=0xffffff45 fr.pc=0x000001c91eac47c4 relative=0x00000000000000c4
Event: 0.568 Thread 0x000001c91436f200 Uncommon trap: reason=unstable_if action=reinterpret pc=0x000001c91eac47c4 method=java.net.URI.match(CJJ)Z @ 45 c2
Event: 0.568 Thread 0x000001c91436f200 DEOPT PACKING pc=0x000001c91eac47c4 sp=0x0000000d390fcc00
Event: 0.568 Thread 0x000001c91436f200 DEOPT UNPACKING pc=0x000001c9170320a3 sp=0x0000000d390fcb88 mode 2
Event: 0.578 Thread 0x000001c91436f200 Uncommon trap: trap_request=0xffffff45 fr.pc=0x000001c91ead425c relative=0x000000000000067c
Event: 0.578 Thread 0x000001c91436f200 Uncommon trap: reason=unstable_if action=reinterpret pc=0x000001c91ead425c method=java.lang.String.replace(Ljava/lang/CharSequence;Ljava/lang/CharSequence;)Ljava/lang/String; @ 48 c2
Event: 0.578 Thread 0x000001c91436f200 DEOPT PACKING pc=0x000001c91ead425c sp=0x0000000d390fcb80
Event: 0.578 Thread 0x000001c91436f200 DEOPT UNPACKING pc=0x000001c9170320a3 sp=0x0000000d390fcb00 mode 2

Classes unloaded (0 events):
No events

Classes redefined (0 events):
No events

Internal exceptions (2 events):
Event: 0.202 Thread 0x000001c91436f200 Exception <a 'java/lang/NoSuchMethodError'{0x00000000eacb2d78}: 'void java.lang.invoke.DirectMethodHandle$Holder.invokeStatic(java.lang.Object, java.lang.Object, java.lang.Object)'> (0x00000000eacb2d78) 
thrown [e:\jenkins\tmp\workspace\build\src\src\hotspot\share\interpreter\linkResolver.cpp, line 766]
Event: 0.403 Thread 0x000001c91436f200 Exception <a 'java/lang/reflect/InvocationTargetException'{0x00000000eaf79190}> (0x00000000eaf79190) 
thrown [e:\jenkins\tmp\workspace\build\src\src\hotspot\share\runtime\reflection.cpp, line 1121]

VM Operations (6 events):
Event: 0.208 Executing VM operation: HandshakeAllThreads
Event: 0.208 Executing VM operation: HandshakeAllThreads done
Event: 0.642 Executing VM operation: HandshakeAllThreads
Event: 0.642 Executing VM operation: HandshakeAllThreads done
Event: 0.659 Executing VM operation: HandshakeAllThreads
Event: 0.659 Executing VM operation: HandshakeAllThreads done

Events (20 events):
Event: 0.641 loading class java/util/LinkedHashMap$LinkedEntrySet
Event: 0.641 loading class java/util/LinkedHashMap$LinkedEntrySet done
Event: 0.642 loading class java/util/LinkedHashMap$LinkedEntryIterator
Event: 0.642 loading class java/util/LinkedHashMap$LinkedEntryIterator done
Event: 0.643 loading class java/util/Base64
Event: 0.643 loading class java/util/Base64 done
Event: 0.643 loading class java/util/Base64$Decoder
Event: 0.644 loading class java/util/Base64$Decoder done
Event: 0.644 loading class java/util/Base64$Encoder
Event: 0.644 loading class java/util/Base64$Encoder done
Event: 0.644 loading class java/util/jar/JarVerifier$VerifierStream
Event: 0.644 loading class java/util/jar/JarVerifier$VerifierStream done
Event: 0.645 loading class sun/security/util/ManifestEntryVerifier$SunProviderHolder
Event: 0.645 loading class sun/security/util/ManifestEntryVerifier$SunProviderHolder done
Event: 0.656 loading class java/lang/NumberFormatException
Event: 0.656 loading class java/lang/NumberFormatException done
Event: 0.656 loading class java/lang/SecurityException
Event: 0.656 loading class java/lang/SecurityException done
Event: 0.657 loading class java/security/Policy
Event: 0.657 loading class java/security/Policy done


Dynamic libraries:
0x00007ff6d1930000 - 0x00007ff6d193e000 	c:\Users\AKSHAY\.vscode\extensions\redhat.java-1.9.0-win32-x64\jre\17.0.3-win32-x86_64\bin\java.exe
0x00007ffd788b0000 - 0x00007ffd78ac7000 	C:\WINDOWS\SYSTEM32\ntdll.dll
0x00007ffd772d0000 - 0x00007ffd77394000 	C:\WINDOWS\System32\KERNEL32.DLL
0x00007ffd75f20000 - 0x00007ffd762c6000 	C:\WINDOWS\System32\KERNELBASE.dll
0x00007ffd75d10000 - 0x00007ffd75e21000 	C:\WINDOWS\System32\ucrtbase.dll
0x00007ffd4c4e0000 - 0x00007ffd4c4f8000 	c:\Users\AKSHAY\.vscode\extensions\redhat.java-1.9.0-win32-x64\jre\17.0.3-win32-x86_64\bin\jli.dll
0x00007ffd36f70000 - 0x00007ffd36f89000 	c:\Users\AKSHAY\.vscode\extensions\redhat.java-1.9.0-win32-x64\jre\17.0.3-win32-x86_64\bin\VCRUNTIME140.dll
0x00007ffd76770000 - 0x00007ffd7691e000 	C:\WINDOWS\System32\USER32.dll
0x00007ffd76370000 - 0x00007ffd76396000 	C:\WINDOWS\System32\win32u.dll
0x00007ffd5d0a0000 - 0x00007ffd5d333000 	C:\WINDOWS\WinSxS\amd64_microsoft.windows.common-controls_6595b64144ccf1df_6.0.22621.2506_none_270c5ae97388e100\COMCTL32.dll
0x00007ffd78840000 - 0x00007ffd78869000 	C:\WINDOWS\System32\GDI32.dll
0x00007ffd78790000 - 0x00007ffd78837000 	C:\WINDOWS\System32\msvcrt.dll
0x00007ffd75bf0000 - 0x00007ffd75d08000 	C:\WINDOWS\System32\gdi32full.dll
0x00007ffd762d0000 - 0x00007ffd7636a000 	C:\WINDOWS\System32\msvcp_win.dll
0x00007ffd78740000 - 0x00007ffd78771000 	C:\WINDOWS\System32\IMM32.DLL
0x00007ffd70f50000 - 0x00007ffd70f5c000 	c:\Users\AKSHAY\.vscode\extensions\redhat.java-1.9.0-win32-x64\jre\17.0.3-win32-x86_64\bin\vcruntime140_1.dll
0x00007ffd2ae60000 - 0x00007ffd2aef1000 	c:\Users\AKSHAY\.vscode\extensions\redhat.java-1.9.0-win32-x64\jre\17.0.3-win32-x86_64\bin\msvcp140.dll
0x00007ffcffdb0000 - 0x00007ffd009f8000 	c:\Users\AKSHAY\.vscode\extensions\redhat.java-1.9.0-win32-x64\jre\17.0.3-win32-x86_64\bin\server\jvm.dll
0x00007ffd766b0000 - 0x00007ffd76763000 	C:\WINDOWS\System32\ADVAPI32.dll
0x00007ffd76600000 - 0x00007ffd766a8000 	C:\WINDOWS\System32\sechost.dll
0x00007ffd76460000 - 0x00007ffd76488000 	C:\WINDOWS\System32\bcrypt.dll
0x00007ffd76b80000 - 0x00007ffd76c97000 	C:\WINDOWS\System32\RPCRT4.dll
0x00007ffd771c0000 - 0x00007ffd771c8000 	C:\WINDOWS\System32\PSAPI.DLL
0x00007ffd6e480000 - 0x00007ffd6e4b4000 	C:\WINDOWS\SYSTEM32\WINMM.dll
0x00007ffd572e0000 - 0x00007ffd572e9000 	C:\WINDOWS\SYSTEM32\WSOCK32.dll
0x00007ffd771f0000 - 0x00007ffd77261000 	C:\WINDOWS\System32\WS2_32.dll
0x00007ffd6e8f0000 - 0x00007ffd6e8fa000 	C:\WINDOWS\SYSTEM32\VERSION.dll
0x00007ffd74ce0000 - 0x00007ffd74cf8000 	C:\WINDOWS\SYSTEM32\kernel.appcore.dll
0x00007ffd61260000 - 0x00007ffd6126a000 	c:\Users\AKSHAY\.vscode\extensions\redhat.java-1.9.0-win32-x64\jre\17.0.3-win32-x86_64\bin\jimage.dll
0x00007ffd734e0000 - 0x00007ffd73713000 	C:\WINDOWS\SYSTEM32\DBGHELP.DLL
0x00007ffd77830000 - 0x00007ffd77bb9000 	C:\WINDOWS\System32\combase.dll
0x00007ffd77550000 - 0x00007ffd77627000 	C:\WINDOWS\System32\OLEAUT32.dll
0x00007ffd57400000 - 0x00007ffd57432000 	C:\WINDOWS\SYSTEM32\dbgcore.DLL
0x00007ffd75e30000 - 0x00007ffd75eaa000 	C:\WINDOWS\System32\bcryptPrimitives.dll
0x00007ffd5f5c0000 - 0x00007ffd5f5ce000 	c:\Users\AKSHAY\.vscode\extensions\redhat.java-1.9.0-win32-x64\jre\17.0.3-win32-x86_64\bin\instrument.dll
0x00007ffd33240000 - 0x00007ffd33265000 	c:\Users\AKSHAY\.vscode\extensions\redhat.java-1.9.0-win32-x64\jre\17.0.3-win32-x86_64\bin\java.dll
0x00007ffd36f20000 - 0x00007ffd36f38000 	c:\Users\AKSHAY\.vscode\extensions\redhat.java-1.9.0-win32-x64\jre\17.0.3-win32-x86_64\bin\zip.dll
0x00007ffd77cc0000 - 0x00007ffd7851b000 	C:\WINDOWS\System32\SHELL32.dll
0x00007ffd73b10000 - 0x00007ffd74406000 	C:\WINDOWS\SYSTEM32\windows.storage.dll
0x00007ffd739d0000 - 0x00007ffd73b0e000 	C:\WINDOWS\SYSTEM32\wintypes.dll
0x00007ffd77450000 - 0x00007ffd77543000 	C:\WINDOWS\System32\SHCORE.dll
0x00007ffd76b10000 - 0x00007ffd76b6e000 	C:\WINDOWS\System32\shlwapi.dll
0x00007ffd75b20000 - 0x00007ffd75b46000 	C:\WINDOWS\SYSTEM32\profapi.dll
0x00007ffd360b0000 - 0x00007ffd360c9000 	C:\Users\AKSHAY\.vscode\extensions\redhat.java-1.9.0-win32-x64\jre\17.0.3-win32-x86_64\bin\net.dll
0x00007ffd6ef50000 - 0x00007ffd6f087000 	C:\WINDOWS\SYSTEM32\WINHTTP.dll
0x00007ffd75160000 - 0x00007ffd751c9000 	C:\WINDOWS\system32\mswsock.dll
0x00007ffd331e0000 - 0x00007ffd331f5000 	C:\Users\AKSHAY\.vscode\extensions\redhat.java-1.9.0-win32-x64\jre\17.0.3-win32-x86_64\bin\nio.dll
0x00007ffd5ccf0000 - 0x00007ffd5cd00000 	c:\Users\AKSHAY\.vscode\extensions\redhat.java-1.9.0-win32-x64\jre\17.0.3-win32-x86_64\bin\verify.dll

dbghelp: loaded successfully - version: 4.0.5 - missing functions: none
symbol engine: initialized successfully - sym options: 0x614 - pdb path: .;c:\Users\AKSHAY\.vscode\extensions\redhat.java-1.9.0-win32-x64\jre\17.0.3-win32-x86_64\bin;C:\WINDOWS\SYSTEM32;C:\WINDOWS\WinSxS\amd64_microsoft.windows.common-controls_6595b64144ccf1df_6.0.22621.2506_none_270c5ae97388e100;c:\Users\AKSHAY\.vscode\extensions\redhat.java-1.9.0-win32-x64\jre\17.0.3-win32-x86_64\bin\server

VM Arguments:
jvm_args: --add-modules=ALL-SYSTEM --add-opens=java.base/java.util=ALL-UNNAMED --add-opens=java.base/java.lang=ALL-UNNAMED --add-opens=java.base/sun.nio.fs=ALL-UNNAMED -Declipse.application=org.eclipse.jdt.ls.core.id1 -Dosgi.bundles.defaultStartLevel=4 -Declipse.product=org.eclipse.jdt.ls.core.product -Djava.import.generatesMetadataFilesAtProjectRoot=false -Dfile.encoding=utf8 -DwatchParentProcess=false -XX:+UseParallelGC -XX:GCTimeRatio=4 -XX:AdaptiveSizePolicyWeight=90 -Dsun.zip.disableMemoryMapping=true -Xmx1G -Xms100m -javaagent:c:\Users\AKSHAY\.vscode\extensions\redhat.java-1.9.0-win32-x64\lombok\lombok-1.18.24.jar 
java_command: c:\Users\AKSHAY\.vscode\extensions\redhat.java-1.9.0-win32-x64\server\plugins\org.eclipse.equinox.launcher_1.6.400.v20210924-0641.jar -configuration c:\Users\AKSHAY\AppData\Roaming\Code\User\globalStorage\redhat.java\1.9.0\config_ss_win -data c:\Users\AKSHAY\AppData\Roaming\Code\User\workspaceStorage\9989eb8147b1e7c53547750064fde22c\redhat.java\ss_ws
java_class_path (initial): c:\Users\AKSHAY\.vscode\extensions\redhat.java-1.9.0-win32-x64\server\plugins\org.eclipse.equinox.launcher_1.6.400.v20210924-0641.jar
Launcher Type: SUN_STANDARD

[Global flags]
    uintx AdaptiveSizePolicyWeight                 = 90                                        {product} {command line}
     intx CICompilerCount                          = 4                                         {product} {ergonomic}
    uintx GCTimeRatio                              = 4                                         {product} {command line}
   size_t InitialHeapSize                          = 104857600                                 {product} {command line}
   size_t MaxHeapSize                              = 1073741824                                {product} {command line}
   size_t MaxNewSize                               = 357564416                                 {product} {ergonomic}
   size_t MinHeapDeltaBytes                        = 524288                                    {product} {ergonomic}
   size_t MinHeapSize                              = 104857600                                 {product} {command line}
   size_t NewSize                                  = 34603008                                  {product} {ergonomic}
    uintx NonNMethodCodeHeapSize                   = 5839372                                {pd product} {ergonomic}
    uintx NonProfiledCodeHeapSize                  = 122909434                              {pd product} {ergonomic}
   size_t OldSize                                  = 70254592                                  {product} {ergonomic}
    uintx ProfiledCodeHeapSize                     = 122909434                              {pd product} {ergonomic}
    uintx ReservedCodeCacheSize                    = 251658240                              {pd product} {ergonomic}
     bool SegmentedCodeCache                       = true                                      {product} {ergonomic}
   size_t SoftMaxHeapSize                          = 1073741824                             {manageable} {ergonomic}
     bool UseCompressedClassPointers               = true                           {product lp64_product} {ergonomic}
     bool UseCompressedOops                        = true                           {product lp64_product} {ergonomic}
     bool UseLargePagesIndividualAllocation        = false                                  {pd product} {ergonomic}
     bool UseParallelGC                            = true                                      {product} {command line}

Logging:
Log output configuration:
 #0: stdout all=warning uptime,level,tags
 #1: stderr all=off uptime,level,tags

Environment Variables:
JAVA_HOME=C:\Program Files\Java\jdk-17
PATH=C:\Program Files\Common Files\Oracle\Java\javapath;C:\Windows\system32;C:\Windows;C:\Windows\System32\Wbem;C:\Windows\System32\WindowsPowerShell\v1.0\;C:\Windows\System32\OpenSSH\;C:\Program Files (x86)\NVIDIA Corporation\PhysX\Common;C:\Program Files\NVIDIA Corporation\NVIDIA NvDLISR;C:\Program Files (x86)\dotnet\;C:\Program Files\Git\cmd;C:\Program Files\Cloudflare\Cloudflare WARP\;C:\Maven;C:\Program Files\apache-maven-3.8.7\bin;C:\php;C:\ProgramData\ComposerSetup\bin;C:\WINDOWS\system32;C:\WINDOWS;C:\WINDOWS\System32\Wbem;C:\WINDOWS\System32\WindowsPowerShell\v1.0\;C:\WINDOWS\System32\OpenSSH\;C:\MinGW\bin;C:\Program Files\Docker\Docker\resources\bin;C:\Program Files\nodejs\;C:\Program Files\OpenSSL-Win64\bin;C:\Users\AKSHAY\AppData\Local\Android\Sdk;C:\Users\AKSHAY\AppData\Local\Android\Sdk\platform-tools;C:\Users\AKSHAY\AppData\Local\Android\Sdk\emulator;C:\Users\AKSHAY\AppData\Local\Android\Sdk\tools\bin;C:\Users\AKSHAY\AppData\Local\Android\Sdk\platform-tools;C:\dart-sdk\bin;C:\Program Files\Java\jdk-17;C:\flutter\bin;C:\Users\AKSHAY\AppData\Local\Programs\Python\Python39\Scripts\;C:\Users\AKSHAY\AppData\Local\Programs\Python\Python39\;C:\Users\AKSHAY\AppData\Local\Programs\Python\Python38\Scripts\;C:\Users\AKSHAY\AppData\Local\Programs\Python\Python38\;C:\Users\AKSHAY\AppData\Local\Programs\Python\Python310\Scripts\;C:\Users\AKSHAY\AppData\Local\Programs\Python\Python310\;C:\Users\AKSHAY\AppData\Local\Programs\Python\Python311\Scripts\;C:\Users\AKSHAY\AppData\Local\Programs\Python\Python311\;C:\Users\AKSHAY\AppData\Local\Programs\Python\Python37\Scripts\;C:\Users\AKSHAY\AppData\Local\Programs\Python\Python37\;C:\Program Files\MySQL\MySQL Shell 8.0\bin\;C:\Users\AKSHAY\AppData\Local\Microsoft\WindowsApps;C:\Users\AKSHAY\AppData\Local\Programs\Microsoft VS Code\bin;C:\Users\AKSHAY\AppData\Roaming\Composer\vendor\bin;C:\Users\AKSHAY\AppData\Roaming\npm;C:\Users\AKSHAY\AppData\Local\Android\Sdk;C:\Users\AKSHAY\AppData\Local\Android\Sdk\platform-tools;C:\Users
USERNAME=AKSHAY
OS=Windows_NT
PROCESSOR_IDENTIFIER=Intel64 Family 6 Model 165 Stepping 2, GenuineIntel



---------------  S Y S T E M  ---------------

OS:
 Windows 11 , 64 bit Build 22621 (10.0.22621.3085)
OS uptime: 1 days 0:35 hours
Hyper-V role detected

CPU: total 8 (initial active 8) (4 cores per cpu, 2 threads per core) family 6 model 165 stepping 2 microcode 0xe0, cx8, cmov, fxsr, ht, mmx, 3dnowpref, sse, sse2, sse3, ssse3, sse4.1, sse4.2, popcnt, lzcnt, tsc, tscinvbit, avx, avx2, aes, erms, clmul, bmi1, bmi2, adx, fma, vzeroupper, clflush, clflushopt, hv

Memory: 4k page, system-wide physical 16221M (4658M free)
TotalPageFile size 16221M (AvailPageFile size 2M)
current process WorkingSet (physical memory assigned to process): 58M, peak: 58M
current process commit charge ("private bytes"): 198M, peak: 198M

vm_info: OpenJDK 64-Bit Server VM (17.0.3+7) for windows-amd64 JRE (17.0.3+7), built on Apr 19 2022 16:55:35 by "" with MS VC++ 16.7 (VS2019)

END.
