#
# There is insufficient memory for the Java Runtime Environment to continue.
# Native memory allocation (mmap) failed to map 65536 bytes for Failed to commit metaspace.
# Possible reasons:
#   The system is out of physical RAM or swap space
#   The process is running with CompressedOops enabled, and the Java Heap may be blocking the growth of the native heap
# Possible solutions:
#   Reduce memory load on the system
#   Increase physical memory or swap space
#   Check if swap backing store is full
#   Decrease Java heap size (-Xmx/-Xms)
#   Decrease number of Java threads
#   Decrease Java thread stack sizes (-Xss)
#   Set larger code cache with -XX:ReservedCodeCacheSize=
#   JVM is running with Unscaled Compressed Oops mode in which the Java heap is
#     placed in the first 4GB address space. The Java Heap base address is the
#     maximum limit for the native heap growth. Please use -XX:HeapBaseMinAddress
#     to set the Java Heap base and to place the Java Heap above 4GB virtual address.
# This output file may be truncated or incomplete.
#
#  Out of Memory Error (virtualSpaceNode.cpp:110), pid=27392, tid=21088
#
# JRE version: OpenJDK Runtime Environment Temurin-17.0.3+7 (17.0.3+7) (build 17.0.3+7)
# Java VM: OpenJDK 64-Bit Server VM Temurin-17.0.3+7 (17.0.3+7, mixed mode, tiered, compressed oops, compressed class ptrs, parallel gc, windows-amd64)
# No core dump will be written. Minidumps are not enabled by default on client versions of Windows
#

---------------  S U M M A R Y ------------

Command Line: --add-modules=ALL-SYSTEM --add-opens=java.base/java.util=ALL-UNNAMED --add-opens=java.base/java.lang=ALL-UNNAMED --add-opens=java.base/sun.nio.fs=ALL-UNNAMED -Declipse.application=org.eclipse.jdt.ls.core.id1 -Dosgi.bundles.defaultStartLevel=4 -Declipse.product=org.eclipse.jdt.ls.core.product -Djava.import.generatesMetadataFilesAtProjectRoot=false -Dfile.encoding=utf8 -DwatchParentProcess=false -XX:+UseParallelGC -XX:GCTimeRatio=4 -XX:AdaptiveSizePolicyWeight=90 -Dsun.zip.disableMemoryMapping=true -Xmx1G -Xms100m -javaagent:c:\Users\AKSHAY\.vscode\extensions\redhat.java-1.9.0-win32-x64\lombok\lombok-1.18.24.jar c:\Users\AKSHAY\.vscode\extensions\redhat.java-1.9.0-win32-x64\server\plugins\org.eclipse.equinox.launcher_1.6.400.v20210924-0641.jar -configuration c:\Users\AKSHAY\AppData\Roaming\Code\User\globalStorage\redhat.java\1.9.0\config_ss_win -data c:\Users\AKSHAY\AppData\Roaming\Code\User\workspaceStorage\9989eb8147b1e7c53547750064fde22c\redhat.java\ss_ws

Host: Intel(R) Core(TM) i5-10300H CPU @ 2.50GHz, 8 cores, 15G,  Windows 11 , 64 bit Build 22621 (10.0.22621.3085)
Time: Sat Feb 24 22:21:58 2024 India Standard Time elapsed time: 2.398454 seconds (0d 0h 0m 2s)

---------------  T H R E A D  ---------------

Current thread (0x00000248e0d93d20):  JavaThread "Start Level: Equinox Container: 928981f3-a639-47f8-bb2e-e50b21a62c1f" daemon [_thread_in_vm, id=21088, stack(0x0000008b7dc00000,0x0000008b7dd00000)]

Stack: [0x0000008b7dc00000,0x0000008b7dd00000]
Native frames: (J=compiled Java code, j=interpreted, Vv=VM code, C=native code)
V  [jvm.dll+0x675efa]
V  [jvm.dll+0x830a24]
V  [jvm.dll+0x8321ce]
V  [jvm.dll+0x832833]
V  [jvm.dll+0x2454b5]
V  [jvm.dll+0x82c9cb]
V  [jvm.dll+0x61ab26]
V  [jvm.dll+0x1c046e]
V  [jvm.dll+0x61d471]
V  [jvm.dll+0x61b4c6]
V  [jvm.dll+0x23ae26]
V  [jvm.dll+0x1eab7d]
V  [jvm.dll+0x1e05b1]
V  [jvm.dll+0x53bb80]
V  [jvm.dll+0x7aba28]
V  [jvm.dll+0x7abb14]
V  [jvm.dll+0x40c7c5]
V  [jvm.dll+0x4129b8]
C  [java.dll+0x17ec]

Java frames: (J=compiled Java code, j=interpreted, Vv=VM code)
J 1075  java.lang.ClassLoader.defineClass1(Ljava/lang/ClassLoader;Ljava/lang/String;[BIILjava/security/ProtectionDomain;Ljava/lang/String;)Ljava/lang/Class; java.base@17.0.3 (0 bytes) @ 0x00000248d3000e5b [0x00000248d3000da0+0x00000000000000bb]
J 1079 c1 java.lang.ClassLoader.defineClass(Ljava/lang/String;[BIILjava/security/ProtectionDomain;)Ljava/lang/Class; java.base@17.0.3 (43 bytes) @ 0x00000248cbc4fb44 [0x00000248cbc4f800+0x0000000000000344]
j  org.eclipse.osgi.internal.loader.ModuleClassLoader.defineClass(Ljava/lang/String;[BLorg/eclipse/osgi/internal/loader/classpath/ClasspathEntry;)Lorg/eclipse/osgi/internal/loader/ModuleClassLoader$DefineClassResult;+42
j  org.eclipse.osgi.internal.loader.classpath.ClasspathManager.defineClass(Ljava/lang/String;[BLorg/eclipse/osgi/internal/loader/classpath/ClasspathEntry;Lorg/eclipse/osgi/storage/bundlefile/BundleEntry;Ljava/util/List;)Ljava/lang/Class;+424
j  org.eclipse.osgi.internal.loader.classpath.ClasspathManager.findClassImpl(Ljava/lang/String;Lorg/eclipse/osgi/internal/loader/classpath/ClasspathEntry;Ljava/util/List;)Ljava/lang/Class;+269
j  org.eclipse.osgi.internal.loader.classpath.ClasspathManager.findLocalClassImpl(Ljava/lang/String;[Lorg/eclipse/osgi/internal/loader/classpath/ClasspathEntry;Ljava/util/List;)Ljava/lang/Class;+30
j  org.eclipse.osgi.internal.loader.classpath.ClasspathManager.findLocalClassImpl(Ljava/lang/String;Ljava/util/List;)Ljava/lang/Class;+69
j  org.eclipse.osgi.internal.loader.classpath.ClasspathManager.findLocalClass(Ljava/lang/String;)Ljava/lang/Class;+113
j  org.eclipse.osgi.internal.loader.ModuleClassLoader.findLocalClass(Ljava/lang/String;)Ljava/lang/Class;+5
j  org.eclipse.osgi.internal.loader.BundleLoader.findLocalClass(Ljava/lang/String;)Ljava/lang/Class;+57
j  org.eclipse.osgi.internal.loader.BundleLoader.findClass0(Ljava/lang/String;ZZ)Ljava/lang/Class;+309
j  org.eclipse.osgi.internal.loader.BundleLoader.findClass(Ljava/lang/String;)Ljava/lang/Class;+4
j  org.eclipse.osgi.internal.loader.ModuleClassLoader.loadClass(Ljava/lang/String;Z)Ljava/lang/Class;+21
J 804 c1 java.lang.ClassLoader.loadClass(Ljava/lang/String;)Ljava/lang/Class; java.base@17.0.3 (7 bytes) @ 0x00000248cbbb40bc [0x00000248cbbb3fc0+0x00000000000000fc]
v  ~StubRoutines::call_stub
j  org.eclipse.core.internal.runtime.Activator.start(Lorg/osgi/framework/BundleContext;)V+37
j  org.eclipse.osgi.internal.framework.BundleContextImpl$2.run()Ljava/lang/Void;+23
j  org.eclipse.osgi.internal.framework.BundleContextImpl$2.run()Ljava/lang/Object;+1
J 1217 c1 java.security.AccessController.executePrivileged(Ljava/security/PrivilegedExceptionAction;Ljava/security/AccessControlContext;Ljava/lang/Class;)Ljava/lang/Object; java.base@17.0.3 (65 bytes) @ 0x00000248cbc92d34 [0x00000248cbc92be0+0x0000000000000154]
j  java.security.AccessController.doPrivileged(Ljava/security/PrivilegedExceptionAction;)Ljava/lang/Object;+9 java.base@17.0.3
j  org.eclipse.osgi.internal.framework.BundleContextImpl.startActivator(Lorg/osgi/framework/BundleActivator;)V+9
j  org.eclipse.osgi.internal.framework.BundleContextImpl.start()V+134
j  org.eclipse.osgi.internal.framework.EquinoxBundle.startWorker0()V+35
j  org.eclipse.osgi.internal.framework.EquinoxBundle$EquinoxModule.startWorker()V+4
j  org.eclipse.osgi.container.Module.doStart([Lorg/eclipse/osgi/container/Module$StartOptions;)Lorg/eclipse/osgi/container/ModuleContainerAdaptor$ModuleEvent;+190
j  org.eclipse.osgi.container.Module.start([Lorg/eclipse/osgi/container/Module$StartOptions;)V+460
j  org.eclipse.osgi.container.ModuleContainer$ContainerStartLevel$2.run()V+71
j  org.eclipse.osgi.internal.framework.EquinoxContainerAdaptor$1$1.execute(Ljava/lang/Runnable;)V+1
j  org.eclipse.osgi.container.ModuleContainer$ContainerStartLevel.incStartLevel(ILjava/util/List;Z)V+192
j  org.eclipse.osgi.container.ModuleContainer$ContainerStartLevel.incStartLevel(ILjava/util/List;Ljava/util/List;Ljava/util/List;Ljava/util/List;)V+19
j  org.eclipse.osgi.container.ModuleContainer$ContainerStartLevel.doContainerStartLevel(Lorg/eclipse/osgi/container/Module;I[Lorg/osgi/framework/FrameworkListener;)V+349
j  org.eclipse.osgi.container.ModuleContainer$ContainerStartLevel.dispatchEvent(Lorg/eclipse/osgi/container/Module;[Lorg/osgi/framework/FrameworkListener;ILjava/lang/Integer;)V+32
j  org.eclipse.osgi.container.ModuleContainer$ContainerStartLevel.dispatchEvent(Ljava/lang/Object;Ljava/lang/Object;ILjava/lang/Object;)V+15
j  org.eclipse.osgi.framework.eventmgr.EventManager.dispatchEvent(Ljava/util/Set;Lorg/eclipse/osgi/framework/eventmgr/EventDispatcher;ILjava/lang/Object;)V+48
j  org.eclipse.osgi.framework.eventmgr.EventManager$EventThread.run()V+26
v  ~StubRoutines::call_stub

---------------  P R O C E S S  ---------------

Threads class SMR info:
_java_thread_list=0x00000248e0d77b90, length=17, elements={
0x00000248c7088e70, 0x00000248c713ab70, 0x00000248c713b9e0, 0x00000248dce49c10,
0x00000248dce4a990, 0x00000248dce4b800, 0x00000248dce4e520, 0x00000248de987330,
0x00000248de988520, 0x00000248de98a320, 0x00000248c70ece50, 0x00000248debe0820,
0x00000248e00747c0, 0x00000248e0c3f6a0, 0x00000248e0c825f0, 0x00000248e0d93d20,
0x00000248e0fe8730
}

Java Threads: ( => current thread )
  0x00000248c7088e70 JavaThread "main" [_thread_blocked, id=26084, stack(0x0000008b7c500000,0x0000008b7c600000)]
  0x00000248c713ab70 JavaThread "Reference Handler" daemon [_thread_blocked, id=22320, stack(0x0000008b7c800000,0x0000008b7c900000)]
  0x00000248c713b9e0 JavaThread "Finalizer" daemon [_thread_blocked, id=18780, stack(0x0000008b7c900000,0x0000008b7ca00000)]
  0x00000248dce49c10 JavaThread "Signal Dispatcher" daemon [_thread_blocked, id=23688, stack(0x0000008b7ca00000,0x0000008b7cb00000)]
  0x00000248dce4a990 JavaThread "Attach Listener" daemon [_thread_blocked, id=25108, stack(0x0000008b7cb00000,0x0000008b7cc00000)]
  0x00000248dce4b800 JavaThread "Service Thread" daemon [_thread_blocked, id=9996, stack(0x0000008b7cc00000,0x0000008b7cd00000)]
  0x00000248dce4e520 JavaThread "Monitor Deflation Thread" daemon [_thread_blocked, id=19332, stack(0x0000008b7cd00000,0x0000008b7ce00000)]
  0x00000248de987330 JavaThread "C2 CompilerThread0" daemon [_thread_blocked, id=24860, stack(0x0000008b7ce00000,0x0000008b7cf00000)]
  0x00000248de988520 JavaThread "C1 CompilerThread0" daemon [_thread_blocked, id=17924, stack(0x0000008b7cf00000,0x0000008b7d000000)]
  0x00000248de98a320 JavaThread "Sweeper thread" daemon [_thread_blocked, id=27380, stack(0x0000008b7d000000,0x0000008b7d100000)]
  0x00000248c70ece50 JavaThread "Common-Cleaner" daemon [_thread_blocked, id=19284, stack(0x0000008b7d100000,0x0000008b7d200000)]
  0x00000248debe0820 JavaThread "Notification Thread" daemon [_thread_blocked, id=22700, stack(0x0000008b7d200000,0x0000008b7d300000)]
  0x00000248e00747c0 JavaThread "C2 CompilerThread1" daemon [_thread_blocked, id=14932, stack(0x0000008b7d900000,0x0000008b7da00000)]
  0x00000248e0c3f6a0 JavaThread "Active Thread: Equinox Container: 928981f3-a639-47f8-bb2e-e50b21a62c1f" [_thread_blocked, id=2684, stack(0x0000008b7da00000,0x0000008b7db00000)]
  0x00000248e0c825f0 JavaThread "Framework Event Dispatcher: Equinox Container: 928981f3-a639-47f8-bb2e-e50b21a62c1f" daemon [_thread_blocked, id=28564, stack(0x0000008b7db00000,0x0000008b7dc00000)]
=>0x00000248e0d93d20 JavaThread "Start Level: Equinox Container: 928981f3-a639-47f8-bb2e-e50b21a62c1f" daemon [_thread_in_vm, id=21088, stack(0x0000008b7dc00000,0x0000008b7dd00000)]
  0x00000248e0fe8730 JavaThread "SCR Component Actor" daemon [_thread_blocked, id=27116, stack(0x0000008b7dd00000,0x0000008b7de00000)]

Other Threads:
  0x00000248dce3f590 VMThread "VM Thread" [stack: 0x0000008b7c700000,0x0000008b7c800000] [id=4008]
  0x00000248debf21f0 WatcherThread [stack: 0x0000008b7d300000,0x0000008b7d400000] [id=22572]
  0x00000248c70a06d0 GCTaskThread "GC Thread#0" [stack: 0x0000008b7c600000,0x0000008b7c700000] [id=25124]
  0x00000248df974020 GCTaskThread "GC Thread#1" [stack: 0x0000008b7d400000,0x0000008b7d500000] [id=24580]
  0x00000248dfe4be40 GCTaskThread "GC Thread#2" [stack: 0x0000008b7d500000,0x0000008b7d600000] [id=13984]
  0x00000248df9742d0 GCTaskThread "GC Thread#3" [stack: 0x0000008b7d600000,0x0000008b7d700000] [id=20956]
  0x00000248dfc1c030 GCTaskThread "GC Thread#4" [stack: 0x0000008b7d700000,0x0000008b7d800000] [id=1836]
  0x00000248dfc1c2e0 GCTaskThread "GC Thread#5" [stack: 0x0000008b7d800000,0x0000008b7d900000] [id=27912]

Threads with active compile tasks:

VM state: not at safepoint (normal execution)

VM Mutex/Monitor currently owned by a thread:  ([mutex/lock_event])
[0x00000248c70823a0] Metaspace_lock - owner thread: 0x00000248e0d93d20

Heap address: 0x00000000c0000000, size: 1024 MB, Compressed Oops mode: 32-bit

CDS archive(s) not mapped
Compressed class space mapped at: 0x0000000100000000-0x0000000140000000, reserved size: 1073741824
Narrow klass base: 0x0000000000000000, Narrow klass shift: 3, Narrow klass range: 0x140000000

GC Precious Log:
 CPUs: 8 total, 8 available
 Memory: 16221M
 Large Page Support: Disabled
 NUMA Support: Disabled
 Compressed Oops: Enabled (32-bit)
 Alignments: Space 512K, Generation 512K, Heap 2M
 Heap Min Capacity: 100M
 Heap Initial Capacity: 100M
 Heap Max Capacity: 1G
 Pre-touch: Disabled
 Parallel Workers: 8

Heap:
 PSYoungGen      total 29696K, used 23291K [0x00000000eab00000, 0x00000000ecc00000, 0x0000000100000000)
  eden space 25600K, 78% used [0x00000000eab00000,0x00000000ebe8cb88,0x00000000ec400000)
  from space 4096K, 79% used [0x00000000ec400000,0x00000000ec732190,0x00000000ec800000)
  to   space 4096K, 0% used [0x00000000ec800000,0x00000000ec800000,0x00000000ecc00000)
 ParOldGen       total 68608K, used 0K [0x00000000c0000000, 0x00000000c4300000, 0x00000000eab00000)
  object space 68608K, 0% used [0x00000000c0000000,0x00000000c0000000,0x00000000c4300000)
 Metaspace       used 13694K, committed 13888K, reserved 1064960K
  class space    used 1377K, committed 1472K, reserved 1048576K

Card table byte_map: [0x00000248da6c0000,0x00000248da8d0000] _byte_map_base: 0x00000248da0c0000

Marking Bits: (ParMarkBitMap*) 0x00007ffd00934b80
 Begin Bits: [0x00000248daa30000, 0x00000248dba30000)
 End Bits:   [0x00000248dba30000, 0x00000248dca30000)

Polling page: 0x00000248c7150000

Metaspace:

Usage:
  Non-class:     12.03 MB used.
      Class:      1.34 MB used.
       Both:     13.37 MB used.

Virtual space:
  Non-class space:       16.00 MB reserved,      12.12 MB ( 76%) committed,  2 nodes.
      Class space:        1.00 GB reserved,       1.44 MB ( <1%) committed,  1 nodes.
             Both:        1.02 GB reserved,      13.56 MB (  1%) committed. 

Chunk freelists:
   Non-Class:  3.73 MB
       Class:  2.41 MB
        Both:  6.14 MB

MaxMetaspaceSize: unlimited
CompressedClassSpaceSize: 1.00 GB
Initial GC threshold: 21.00 MB
Current GC threshold: 21.00 MB
CDS: off
MetaspaceReclaimPolicy: balanced
 - commit_granule_bytes: 65536.
 - commit_granule_words: 8192.
 - virtual_space_node_default_size: 1048576.
 - enlarge_chunks_in_place: 1.
 - new_chunks_are_fully_committed: 0.
 - uncommit_free_chunks: 1.
 - use_allocation_guard: 0.
 - handle_deallocations: 1.


Internal statistics:

num_allocs_failed_limit: 0.
num_arena_births: 64.
num_arena_deaths: 0.
num_vsnodes_births: 3.
num_vsnodes_deaths: 0.
num_space_committed: 217.
num_space_uncommitted: 0.
num_chunks_returned_to_freelist: 0.
num_chunks_taken_from_freelist: 254.
num_chunk_merges: 0.
num_chunk_splits: 172.
num_chunks_enlarged: 136.
num_purges: 0.
num_inconsistent_stats: 0.

CodeHeap 'non-profiled nmethods': size=120000Kb used=584Kb max_used=584Kb free=119415Kb
 bounds [0x00000248d2fa0000, 0x00000248d3210000, 0x00000248da4d0000]
CodeHeap 'profiled nmethods': size=120000Kb used=2769Kb max_used=2769Kb free=117230Kb
 bounds [0x00000248cba70000, 0x00000248cbd30000, 0x00000248d2fa0000]
CodeHeap 'non-nmethods': size=5760Kb used=1150Kb max_used=1198Kb free=4609Kb
 bounds [0x00000248cb4d0000, 0x00000248cb740000, 0x00000248cba70000]
 total_blobs=1924 nmethods=1482 adapters=356
 compilation: enabled
              stopped_count=0, restarted_count=0
 full_count=0

Compilation events (20 events):
Event: 2.379 Thread 0x00000248de988520 1474   !   3       org.eclipse.osgi.internal.framework.EquinoxContainer::getContextFinder (17 bytes)
Event: 2.380 Thread 0x00000248de988520 nmethod 1474 0x00000248cbd14810 code [0x00000248cbd149a0, 0x00000248cbd14b98]
Event: 2.380 Thread 0x00000248de988520 1475       3       org.eclipse.osgi.internal.framework.BundleContextImpl::setContextFinder (56 bytes)
Event: 2.381 Thread 0x00000248de988520 nmethod 1475 0x00000248cbd14c90 code [0x00000248cbd14f20, 0x00000248cbd15e88]
Event: 2.381 Thread 0x00000248de988520 1476   !   3       org.eclipse.osgi.internal.framework.BundleContextImpl::dispatchEvent (558 bytes)
Event: 2.388 Thread 0x00000248de988520 nmethod 1476 0x00000248cbd16410 code [0x00000248cbd16da0, 0x00000248cbd1bec8]
Event: 2.388 Thread 0x00000248de988520 1478   !   3       org.eclipse.osgi.internal.loader.BundleLoader::getModuleClassLoader (196 bytes)
Event: 2.390 Thread 0x00000248de988520 nmethod 1478 0x00000248cbd1eb10 code [0x00000248cbd1eea0, 0x00000248cbd20488]
Event: 2.390 Thread 0x00000248de988520 1477       1       org.eclipse.osgi.internal.hookregistry.ClassLoaderHook::getClassPathEntries (2 bytes)
Event: 2.391 Thread 0x00000248de988520 nmethod 1477 0x00000248d3032010 code [0x00000248d30321a0, 0x00000248d3032278]
Event: 2.391 Thread 0x00000248de988520 1481       3       sun.invoke.util.VerifyAccess::isSamePackage (37 bytes)
Event: 2.393 Thread 0x00000248de988520 nmethod 1481 0x00000248cbd20e90 code [0x00000248cbd211a0, 0x00000248cbd22678]
Event: 2.393 Thread 0x00000248de988520 1483       3       jdk.internal.org.objectweb.asm.SymbolTable::addConstantNameAndType (137 bytes)
Event: 2.393 Thread 0x00000248de988520 nmethod 1483 0x00000248cbd22c90 code [0x00000248cbd22ee0, 0x00000248cbd23608]
Event: 2.393 Thread 0x00000248de988520 1485       3       java.util.ArrayList::contains (14 bytes)
Event: 2.394 Thread 0x00000248de988520 nmethod 1485 0x00000248cbd23a10 code [0x00000248cbd23bc0, 0x00000248cbd23dc8]
Event: 2.394 Thread 0x00000248de988520 1482       3       java.lang.invoke.MemberName::isStatic (8 bytes)
Event: 2.394 Thread 0x00000248de988520 nmethod 1482 0x00000248cbd23e90 code [0x00000248cbd24020, 0x00000248cbd241f8]
Event: 2.394 Thread 0x00000248de988520 1484       3       jdk.internal.org.objectweb.asm.SymbolTable$Entry::<init> (20 bytes)
Event: 2.394 Thread 0x00000248de988520 nmethod 1484 0x00000248cbd24290 code [0x00000248cbd24420, 0x00000248cbd24568]

GC Heap History (2 events):
Event: 1.612 GC heap before
{Heap before GC invocations=1 (full 0):
 PSYoungGen      total 29696K, used 25600K [0x00000000eab00000, 0x00000000ecc00000, 0x0000000100000000)
  eden space 25600K, 100% used [0x00000000eab00000,0x00000000ec400000,0x00000000ec400000)
  from space 4096K, 0% used [0x00000000ec800000,0x00000000ec800000,0x00000000ecc00000)
  to   space 4096K, 0% used [0x00000000ec400000,0x00000000ec400000,0x00000000ec800000)
 ParOldGen       total 68608K, used 0K [0x00000000c0000000, 0x00000000c4300000, 0x00000000eab00000)
  object space 68608K, 0% used [0x00000000c0000000,0x00000000c0000000,0x00000000c4300000)
 Metaspace       used 10827K, committed 11008K, reserved 1064960K
  class space    used 1089K, committed 1152K, reserved 1048576K
}
Event: 1.628 GC heap after
{Heap after GC invocations=1 (full 0):
 PSYoungGen      total 29696K, used 3272K [0x00000000eab00000, 0x00000000ecc00000, 0x0000000100000000)
  eden space 25600K, 0% used [0x00000000eab00000,0x00000000eab00000,0x00000000ec400000)
  from space 4096K, 79% used [0x00000000ec400000,0x00000000ec732190,0x00000000ec800000)
  to   space 4096K, 0% used [0x00000000ec800000,0x00000000ec800000,0x00000000ecc00000)
 ParOldGen       total 68608K, used 0K [0x00000000c0000000, 0x00000000c4300000, 0x00000000eab00000)
  object space 68608K, 0% used [0x00000000c0000000,0x00000000c0000000,0x00000000c4300000)
 Metaspace       used 10827K, committed 11008K, reserved 1064960K
  class space    used 1089K, committed 1152K, reserved 1048576K
}

Deoptimization events (20 events):
Event: 1.580 Thread 0x00000248c7088e70 DEOPT PACKING pc=0x00000248cbaba8d2 sp=0x0000008b7c5fd110
Event: 1.580 Thread 0x00000248c7088e70 DEOPT UNPACKING pc=0x00000248cb522843 sp=0x0000008b7c5fc570 mode 0
Event: 1.717 Thread 0x00000248c7088e70 Uncommon trap: trap_request=0xffffff45 fr.pc=0x00000248d2fd5510 relative=0x0000000000000cf0
Event: 1.717 Thread 0x00000248c7088e70 Uncommon trap: reason=unstable_if action=reinterpret pc=0x00000248d2fd5510 method=lombok.patcher.PatchScript.classMatches(Ljava/lang/String;Ljava/util/Collection;)Z @ 25 c2
Event: 1.717 Thread 0x00000248c7088e70 DEOPT PACKING pc=0x00000248d2fd5510 sp=0x0000008b7c5f8270
Event: 1.717 Thread 0x00000248c7088e70 DEOPT UNPACKING pc=0x00000248cb5220a3 sp=0x0000008b7c5f81d8 mode 2
Event: 1.997 Thread 0x00000248c7088e70 Uncommon trap: trap_request=0xffffff45 fr.pc=0x00000248d2fde904 relative=0x00000000000002c4
Event: 1.997 Thread 0x00000248c7088e70 Uncommon trap: reason=unstable_if action=reinterpret pc=0x00000248d2fde904 method=java.lang.invoke.VarHandle.checkExactAccessMode(Ljava/lang/invoke/VarHandle$AccessDescriptor;)V @ 4 c2
Event: 1.997 Thread 0x00000248c7088e70 DEOPT PACKING pc=0x00000248d2fde904 sp=0x0000008b7c5fe0f0
Event: 1.997 Thread 0x00000248c7088e70 DEOPT UNPACKING pc=0x00000248cb5220a3 sp=0x0000008b7c5fe0c0 mode 2
Event: 2.103 Thread 0x00000248c7088e70 Uncommon trap: trap_request=0xffffffde fr.pc=0x00000248d2ffdac4 relative=0x0000000000000984
Event: 2.103 Thread 0x00000248c7088e70 Uncommon trap: reason=class_check action=maybe_recompile pc=0x00000248d2ffdac4 method=java.util.HashMap.putVal(ILjava/lang/Object;Ljava/lang/Object;ZZ)Ljava/lang/Object; @ 253 c2
Event: 2.103 Thread 0x00000248c7088e70 DEOPT PACKING pc=0x00000248d2ffdac4 sp=0x0000008b7c5fdb80
Event: 2.103 Thread 0x00000248c7088e70 DEOPT UNPACKING pc=0x00000248cb5220a3 sp=0x0000008b7c5fdb00 mode 2
Event: 2.105 Thread 0x00000248c7088e70 Uncommon trap: trap_request=0xffffffde fr.pc=0x00000248d2ffdac4 relative=0x0000000000000984
Event: 2.105 Thread 0x00000248c7088e70 Uncommon trap: reason=class_check action=maybe_recompile pc=0x00000248d2ffdac4 method=java.util.HashMap.putVal(ILjava/lang/Object;Ljava/lang/Object;ZZ)Ljava/lang/Object; @ 253 c2
Event: 2.105 Thread 0x00000248c7088e70 DEOPT PACKING pc=0x00000248d2ffdac4 sp=0x0000008b7c5fdb80
Event: 2.105 Thread 0x00000248c7088e70 DEOPT UNPACKING pc=0x00000248cb5220a3 sp=0x0000008b7c5fdb00 mode 2
Event: 2.258 Thread 0x00000248c7088e70 DEOPT PACKING pc=0x00000248cbaa50ce sp=0x0000008b7c5fe170
Event: 2.258 Thread 0x00000248c7088e70 DEOPT UNPACKING pc=0x00000248cb522843 sp=0x0000008b7c5fd5b8 mode 0

Classes unloaded (0 events):
No events

Classes redefined (0 events):
No events

Internal exceptions (20 events):
Event: 1.079 Thread 0x00000248c7088e70 Implicit null exception at 0x00000248d2fc6af2 to 0x00000248d2fc7040
Event: 1.083 Thread 0x00000248c7088e70 Exception <a 'java/io/FileNotFoundException'{0x00000000eb779e58}> (0x00000000eb779e58) 
thrown [e:\jenkins\tmp\workspace\build\src\src\hotspot\share\prims\jni.cpp, line 516]
Event: 1.375 Thread 0x00000248c7088e70 Exception <a 'java/lang/ClassNotFoundException'{0x00000000ebf728b8}: sun/net/www/protocol/c/Handler> (0x00000000ebf728b8) 
thrown [e:\jenkins\tmp\workspace\build\src\src\hotspot\share\classfile\systemDictionary.cpp, line 256]
Event: 1.375 Thread 0x00000248c7088e70 Exception <a 'java/lang/ClassNotFoundException'{0x00000000ebf73bb0}: sun/net/www/protocol/a/Handler> (0x00000000ebf73bb0) 
thrown [e:\jenkins\tmp\workspace\build\src\src\hotspot\share\classfile\systemDictionary.cpp, line 256]
Event: 1.375 Thread 0x00000248c7088e70 Exception <a 'java/lang/ClassNotFoundException'{0x00000000ebf74cc0}: sun/net/www/protocol/c/Handler> (0x00000000ebf74cc0) 
thrown [e:\jenkins\tmp\workspace\build\src\src\hotspot\share\classfile\systemDictionary.cpp, line 256]
Event: 1.391 Thread 0x00000248c7088e70 Exception <a 'java/io/FileNotFoundException'{0x00000000ebf93900}> (0x00000000ebf93900) 
thrown [e:\jenkins\tmp\workspace\build\src\src\hotspot\share\prims\jni.cpp, line 516]
Event: 1.434 Thread 0x00000248c7088e70 Implicit null exception at 0x00000248d2ff3b00 to 0x00000248d2ff4624
Event: 1.435 Thread 0x00000248c7088e70 Implicit null exception at 0x00000248d2fef271 to 0x00000248d2fef474
Event: 1.435 Thread 0x00000248c7088e70 Implicit null exception at 0x00000248d2fe52f1 to 0x00000248d2fe54f4
Event: 1.435 Thread 0x00000248c7088e70 Implicit null exception at 0x00000248d2fd8f8f to 0x00000248d2fd9009
Event: 1.505 Thread 0x00000248c7088e70 Exception <a 'java/lang/NoSuchMethodError'{0x00000000ec25f128}: 'int java.lang.invoke.DirectMethodHandle$Holder.invokeStaticInit(java.lang.Object, java.lang.Object, java.lang.Object, java.lang.Object)'> (0x00000000ec25f128) 
thrown [e:\jenkins\tmp\workspace\build\src\src\hotspot\share\interpreter\linkResolver.cpp, line 766]
Event: 1.507 Thread 0x00000248c7088e70 Exception <a 'java/lang/NoSuchMethodError'{0x00000000ec269798}: 'java.lang.Object java.lang.invoke.DirectMethodHandle$Holder.invokeInterface(java.lang.Object, java.lang.Object)'> (0x00000000ec269798) 
thrown [e:\jenkins\tmp\workspace\build\src\src\hotspot\share\interpreter\linkResolver.cpp, line 766]
Event: 1.508 Thread 0x00000248c7088e70 Exception <a 'java/lang/IncompatibleClassChangeError'{0x00000000ec26cf90}: Found class java.lang.Object, but interface was expected> (0x00000000ec26cf90) 
thrown [e:\jenkins\tmp\workspace\build\src\src\hotspot\share\interpreter\linkResolver.cpp, line 833]
Event: 1.509 Thread 0x00000248c7088e70 Exception <a 'java/lang/NoSuchMethodError'{0x00000000ec271488}: 'void java.lang.invoke.DirectMethodHandle$Holder.invokeStatic(java.lang.Object, java.lang.Object)'> (0x00000000ec271488) 
thrown [e:\jenkins\tmp\workspace\build\src\src\hotspot\share\interpreter\linkResolver.cpp, line 766]
Event: 1.514 Thread 0x00000248c7088e70 Exception <a 'java/lang/NoSuchMethodError'{0x00000000ec274c88}: 'void java.lang.invoke.DirectMethodHandle$Holder.invokeStaticInit(java.lang.Object, java.lang.Object)'> (0x00000000ec274c88) 
thrown [e:\jenkins\tmp\workspace\build\src\src\hotspot\share\interpreter\linkResolver.cpp, line 766]
Event: 1.516 Thread 0x00000248c7088e70 Exception <a 'java/lang/NoSuchMethodError'{0x00000000ec27c220}: 'int java.lang.invoke.DirectMethodHandle$Holder.invokeStaticInit(java.lang.Object, java.lang.Object)'> (0x00000000ec27c220) 
thrown [e:\jenkins\tmp\workspace\build\src\src\hotspot\share\interpreter\linkResolver.cpp, line 766]
Event: 1.599 Thread 0x00000248c7088e70 Exception <a 'java/lang/NoSuchMethodError'{0x00000000ec3a1f90}: 'void java.lang.invoke.DirectMethodHandle$Holder.invokeSpecial(java.lang.Object, java.lang.Object, java.lang.Object)'> (0x00000000ec3a1f90) 
thrown [e:\jenkins\tmp\workspace\build\src\src\hotspot\share\interpreter\linkResolver.cpp, line 766]
Event: 2.083 Thread 0x00000248c7088e70 Exception <a 'java/lang/NoSuchMethodError'{0x00000000eb646690}: 'java.lang.Object java.lang.invoke.DirectMethodHandle$Holder.newInvokeSpecial(java.lang.Object, int, java.lang.Object)'> (0x00000000eb646690) 
thrown [e:\jenkins\tmp\workspace\build\src\src\hotspot\share\interpreter\linkResolver.cpp, line 766]
Event: 2.308 Thread 0x00000248c7088e70 Exception <a 'java/lang/UnsatisfiedLinkError'{0x00000000ebb68ef0}: 'void org.eclipse.equinox.launcher.JNIBridge._update_splash()'> (0x00000000ebb68ef0) 
thrown [e:\jenkins\tmp\workspace\build\src\src\hotspot\share\prims\nativeLookup.cpp, line 543]
Event: 2.385 Thread 0x00000248e0d93d20 Exception <a 'java/lang/NoSuchMethodError'{0x00000000ebe19958}: 'java.lang.Object java.lang.invoke.DirectMethodHandle$Holder.invokeStaticInit(java.lang.Object)'> (0x00000000ebe19958) 
thrown [e:\jenkins\tmp\workspace\build\src\src\hotspot\share\interpreter\linkResolver.cpp, line 766]

VM Operations (20 events):
Event: 0.405 Executing VM operation: HandshakeAllThreads
Event: 0.405 Executing VM operation: HandshakeAllThreads done
Event: 1.029 Executing VM operation: HandshakeAllThreads
Event: 1.030 Executing VM operation: HandshakeAllThreads done
Event: 1.054 Executing VM operation: HandshakeAllThreads
Event: 1.054 Executing VM operation: HandshakeAllThreads done
Event: 1.337 Executing VM operation: HandshakeAllThreads
Event: 1.337 Executing VM operation: HandshakeAllThreads done
Event: 1.337 Executing VM operation: Cleanup
Event: 1.338 Executing VM operation: Cleanup done
Event: 1.612 Executing VM operation: ParallelGCFailedAllocation
Event: 1.628 Executing VM operation: ParallelGCFailedAllocation done
Event: 2.039 Executing VM operation: HandshakeAllThreads
Event: 2.039 Executing VM operation: HandshakeAllThreads done
Event: 2.039 Executing VM operation: HandshakeAllThreads
Event: 2.040 Executing VM operation: HandshakeAllThreads done
Event: 2.049 Executing VM operation: HandshakeAllThreads
Event: 2.049 Executing VM operation: HandshakeAllThreads done
Event: 2.076 Executing VM operation: HandshakeAllThreads
Event: 2.076 Executing VM operation: HandshakeAllThreads done

Events (20 events):
Event: 2.224 loading class sun/nio/ch/FileChannelImpl$Closer
Event: 2.224 loading class sun/nio/ch/FileChannelImpl$Closer done
Event: 2.303 Thread 0x00000248e0c825f0 Thread added: 0x00000248e0c825f0
Event: 2.308 Thread 0x00000248e0d93d20 Thread added: 0x00000248e0d93d20
Event: 2.312 Loaded shared library C:\Users\AKSHAY\AppData\Roaming\Code\User\globalStorage\redhat.java\1.9.0\config_ss_win\org.eclipse.equinox.launcher\org.eclipse.equinox.launcher.win32.win32.x86_64_1.2.500.v20220509-0833\eclipse_11700.dll
Event: 2.312 loading class java/util/concurrent/locks/AbstractQueuedSynchronizer$SharedNode
Event: 2.312 loading class java/util/concurrent/locks/AbstractQueuedSynchronizer$SharedNode done
Event: 2.312 loading class java/util/concurrent/locks/AbstractQueuedSynchronizer$ExclusiveNode
Event: 2.313 loading class java/util/concurrent/locks/AbstractQueuedSynchronizer$ExclusiveNode done
Event: 2.314 loading class java/util/concurrent/CountDownLatch
Event: 2.314 loading class java/util/concurrent/CountDownLatch done
Event: 2.314 loading class java/util/concurrent/CountDownLatch$Sync
Event: 2.314 loading class java/util/concurrent/CountDownLatch$Sync done
Event: 2.335 loading class java/lang/IllegalAccessError
Event: 2.335 loading class java/lang/IllegalAccessError done
Event: 2.361 loading class java/util/TimerTask
Event: 2.361 loading class java/util/TimerTask done
Event: 2.370 Thread 0x00000248e0fe8730 Thread added: 0x00000248e0fe8730
Event: 2.373 loading class java/util/MissingResourceException
Event: 2.373 loading class java/util/MissingResourceException done


Dynamic libraries:
0x00007ff6d1930000 - 0x00007ff6d193e000 	c:\Users\AKSHAY\.vscode\extensions\redhat.java-1.9.0-win32-x64\jre\17.0.3-win32-x86_64\bin\java.exe
0x00007ffd788b0000 - 0x00007ffd78ac7000 	C:\WINDOWS\SYSTEM32\ntdll.dll
0x00007ffd772d0000 - 0x00007ffd77394000 	C:\WINDOWS\System32\KERNEL32.DLL
0x00007ffd75f20000 - 0x00007ffd762c6000 	C:\WINDOWS\System32\KERNELBASE.dll
0x00007ffd75d10000 - 0x00007ffd75e21000 	C:\WINDOWS\System32\ucrtbase.dll
0x00007ffd4c4e0000 - 0x00007ffd4c4f8000 	c:\Users\AKSHAY\.vscode\extensions\redhat.java-1.9.0-win32-x64\jre\17.0.3-win32-x86_64\bin\jli.dll
0x00007ffd76770000 - 0x00007ffd7691e000 	C:\WINDOWS\System32\USER32.dll
0x00007ffd76370000 - 0x00007ffd76396000 	C:\WINDOWS\System32\win32u.dll
0x00007ffd78840000 - 0x00007ffd78869000 	C:\WINDOWS\System32\GDI32.dll
0x00007ffd75bf0000 - 0x00007ffd75d08000 	C:\WINDOWS\System32\gdi32full.dll
0x00007ffd762d0000 - 0x00007ffd7636a000 	C:\WINDOWS\System32\msvcp_win.dll
0x00007ffd36f70000 - 0x00007ffd36f89000 	c:\Users\AKSHAY\.vscode\extensions\redhat.java-1.9.0-win32-x64\jre\17.0.3-win32-x86_64\bin\VCRUNTIME140.dll
0x00007ffd5d0a0000 - 0x00007ffd5d333000 	C:\WINDOWS\WinSxS\amd64_microsoft.windows.common-controls_6595b64144ccf1df_6.0.22621.2506_none_270c5ae97388e100\COMCTL32.dll
0x00007ffd78790000 - 0x00007ffd78837000 	C:\WINDOWS\System32\msvcrt.dll
0x00007ffd78740000 - 0x00007ffd78771000 	C:\WINDOWS\System32\IMM32.DLL
0x00007ffd70f50000 - 0x00007ffd70f5c000 	c:\Users\AKSHAY\.vscode\extensions\redhat.java-1.9.0-win32-x64\jre\17.0.3-win32-x86_64\bin\vcruntime140_1.dll
0x00007ffd2ae60000 - 0x00007ffd2aef1000 	c:\Users\AKSHAY\.vscode\extensions\redhat.java-1.9.0-win32-x64\jre\17.0.3-win32-x86_64\bin\msvcp140.dll
0x00007ffcffdb0000 - 0x00007ffd009f8000 	c:\Users\AKSHAY\.vscode\extensions\redhat.java-1.9.0-win32-x64\jre\17.0.3-win32-x86_64\bin\server\jvm.dll
0x00007ffd766b0000 - 0x00007ffd76763000 	C:\WINDOWS\System32\ADVAPI32.dll
0x00007ffd76600000 - 0x00007ffd766a8000 	C:\WINDOWS\System32\sechost.dll
0x00007ffd76460000 - 0x00007ffd76488000 	C:\WINDOWS\System32\bcrypt.dll
0x00007ffd76b80000 - 0x00007ffd76c97000 	C:\WINDOWS\System32\RPCRT4.dll
0x00007ffd771c0000 - 0x00007ffd771c8000 	C:\WINDOWS\System32\PSAPI.DLL
0x00007ffd572e0000 - 0x00007ffd572e9000 	C:\WINDOWS\SYSTEM32\WSOCK32.dll
0x00007ffd771f0000 - 0x00007ffd77261000 	C:\WINDOWS\System32\WS2_32.dll
0x00007ffd6e480000 - 0x00007ffd6e4b4000 	C:\WINDOWS\SYSTEM32\WINMM.dll
0x00007ffd6e8f0000 - 0x00007ffd6e8fa000 	C:\WINDOWS\SYSTEM32\VERSION.dll
0x00007ffd74ce0000 - 0x00007ffd74cf8000 	C:\WINDOWS\SYSTEM32\kernel.appcore.dll
0x00007ffd61260000 - 0x00007ffd6126a000 	c:\Users\AKSHAY\.vscode\extensions\redhat.java-1.9.0-win32-x64\jre\17.0.3-win32-x86_64\bin\jimage.dll
0x00007ffd734e0000 - 0x00007ffd73713000 	C:\WINDOWS\SYSTEM32\DBGHELP.DLL
0x00007ffd77830000 - 0x00007ffd77bb9000 	C:\WINDOWS\System32\combase.dll
0x00007ffd77550000 - 0x00007ffd77627000 	C:\WINDOWS\System32\OLEAUT32.dll
0x00007ffd57400000 - 0x00007ffd57432000 	C:\WINDOWS\SYSTEM32\dbgcore.DLL
0x00007ffd75e30000 - 0x00007ffd75eaa000 	C:\WINDOWS\System32\bcryptPrimitives.dll
0x00007ffd5f5c0000 - 0x00007ffd5f5ce000 	c:\Users\AKSHAY\.vscode\extensions\redhat.java-1.9.0-win32-x64\jre\17.0.3-win32-x86_64\bin\instrument.dll
0x00007ffd33240000 - 0x00007ffd33265000 	c:\Users\AKSHAY\.vscode\extensions\redhat.java-1.9.0-win32-x64\jre\17.0.3-win32-x86_64\bin\java.dll
0x00007ffd36f20000 - 0x00007ffd36f38000 	c:\Users\AKSHAY\.vscode\extensions\redhat.java-1.9.0-win32-x64\jre\17.0.3-win32-x86_64\bin\zip.dll
0x00007ffd77cc0000 - 0x00007ffd7851b000 	C:\WINDOWS\System32\SHELL32.dll
0x00007ffd73b10000 - 0x00007ffd74406000 	C:\WINDOWS\SYSTEM32\windows.storage.dll
0x00007ffd739d0000 - 0x00007ffd73b0e000 	C:\WINDOWS\SYSTEM32\wintypes.dll
0x00007ffd77450000 - 0x00007ffd77543000 	C:\WINDOWS\System32\SHCORE.dll
0x00007ffd76b10000 - 0x00007ffd76b6e000 	C:\WINDOWS\System32\shlwapi.dll
0x00007ffd75b20000 - 0x00007ffd75b46000 	C:\WINDOWS\SYSTEM32\profapi.dll
0x00007ffd360b0000 - 0x00007ffd360c9000 	C:\Users\AKSHAY\.vscode\extensions\redhat.java-1.9.0-win32-x64\jre\17.0.3-win32-x86_64\bin\net.dll
0x00007ffd6ef50000 - 0x00007ffd6f087000 	C:\WINDOWS\SYSTEM32\WINHTTP.dll
0x00007ffd75160000 - 0x00007ffd751c9000 	C:\WINDOWS\system32\mswsock.dll
0x00007ffd331e0000 - 0x00007ffd331f5000 	C:\Users\AKSHAY\.vscode\extensions\redhat.java-1.9.0-win32-x64\jre\17.0.3-win32-x86_64\bin\nio.dll
0x00007ffd5ccf0000 - 0x00007ffd5cd00000 	c:\Users\AKSHAY\.vscode\extensions\redhat.java-1.9.0-win32-x64\jre\17.0.3-win32-x86_64\bin\verify.dll
0x00007ffd2eef0000 - 0x00007ffd2ef2e000 	C:\Users\AKSHAY\AppData\Roaming\Code\User\globalStorage\redhat.java\1.9.0\config_ss_win\org.eclipse.equinox.launcher\org.eclipse.equinox.launcher.win32.win32.x86_64_1.2.500.v20220509-0833\eclipse_11700.dll
0x00007ffd76920000 - 0x00007ffd76ac0000 	C:\WINDOWS\System32\ole32.dll

dbghelp: loaded successfully - version: 4.0.5 - missing functions: none
symbol engine: initialized successfully - sym options: 0x614 - pdb path: .;c:\Users\AKSHAY\.vscode\extensions\redhat.java-1.9.0-win32-x64\jre\17.0.3-win32-x86_64\bin;C:\WINDOWS\SYSTEM32;C:\WINDOWS\WinSxS\amd64_microsoft.windows.common-controls_6595b64144ccf1df_6.0.22621.2506_none_270c5ae97388e100;c:\Users\AKSHAY\.vscode\extensions\redhat.java-1.9.0-win32-x64\jre\17.0.3-win32-x86_64\bin\server;C:\Users\AKSHAY\AppData\Roaming\Code\User\globalStorage\redhat.java\1.9.0\config_ss_win\org.eclipse.equinox.launcher\org.eclipse.equinox.launcher.win32.win32.x86_64_1.2.500.v20220509-0833

VM Arguments:
jvm_args: --add-modules=ALL-SYSTEM --add-opens=java.base/java.util=ALL-UNNAMED --add-opens=java.base/java.lang=ALL-UNNAMED --add-opens=java.base/sun.nio.fs=ALL-UNNAMED -Declipse.application=org.eclipse.jdt.ls.core.id1 -Dosgi.bundles.defaultStartLevel=4 -Declipse.product=org.eclipse.jdt.ls.core.product -Djava.import.generatesMetadataFilesAtProjectRoot=false -Dfile.encoding=utf8 -DwatchParentProcess=false -XX:+UseParallelGC -XX:GCTimeRatio=4 -XX:AdaptiveSizePolicyWeight=90 -Dsun.zip.disableMemoryMapping=true -Xmx1G -Xms100m -javaagent:c:\Users\AKSHAY\.vscode\extensions\redhat.java-1.9.0-win32-x64\lombok\lombok-1.18.24.jar 
java_command: c:\Users\AKSHAY\.vscode\extensions\redhat.java-1.9.0-win32-x64\server\plugins\org.eclipse.equinox.launcher_1.6.400.v20210924-0641.jar -configuration c:\Users\AKSHAY\AppData\Roaming\Code\User\globalStorage\redhat.java\1.9.0\config_ss_win -data c:\Users\AKSHAY\AppData\Roaming\Code\User\workspaceStorage\9989eb8147b1e7c53547750064fde22c\redhat.java\ss_ws
java_class_path (initial): c:\Users\AKSHAY\.vscode\extensions\redhat.java-1.9.0-win32-x64\server\plugins\org.eclipse.equinox.launcher_1.6.400.v20210924-0641.jar
Launcher Type: SUN_STANDARD

[Global flags]
    uintx AdaptiveSizePolicyWeight                 = 90                                        {product} {command line}
     intx CICompilerCount                          = 4                                         {product} {ergonomic}
    uintx GCTimeRatio                              = 4                                         {product} {command line}
   size_t InitialHeapSize                          = 104857600                                 {product} {command line}
   size_t MaxHeapSize                              = 1073741824                                {product} {command line}
   size_t MaxNewSize                               = 357564416                                 {product} {ergonomic}
   size_t MinHeapDeltaBytes                        = 524288                                    {product} {ergonomic}
   size_t MinHeapSize                              = 104857600                                 {product} {command line}
   size_t NewSize                                  = 34603008                                  {product} {ergonomic}
    uintx NonNMethodCodeHeapSize                   = 5839372                                {pd product} {ergonomic}
    uintx NonProfiledCodeHeapSize                  = 122909434                              {pd product} {ergonomic}
   size_t OldSize                                  = 70254592                                  {product} {ergonomic}
    uintx ProfiledCodeHeapSize                     = 122909434                              {pd product} {ergonomic}
    uintx ReservedCodeCacheSize                    = 251658240                              {pd product} {ergonomic}
     bool SegmentedCodeCache                       = true                                      {product} {ergonomic}
   size_t SoftMaxHeapSize                          = 1073741824                             {manageable} {ergonomic}
     bool UseCompressedClassPointers               = true                           {product lp64_product} {ergonomic}
     bool UseCompressedOops                        = true                           {product lp64_product} {ergonomic}
     bool UseLargePagesIndividualAllocation        = false                                  {pd product} {ergonomic}
     bool UseParallelGC                            = true                                      {product} {command line}

Logging:
Log output configuration:
 #0: stdout all=warning uptime,level,tags
 #1: stderr all=off uptime,level,tags

Environment Variables:
JAVA_HOME=C:\Program Files\Java\jdk-17
PATH=C:\Program Files\Common Files\Oracle\Java\javapath;C:\Windows\system32;C:\Windows;C:\Windows\System32\Wbem;C:\Windows\System32\WindowsPowerShell\v1.0\;C:\Windows\System32\OpenSSH\;C:\Program Files (x86)\NVIDIA Corporation\PhysX\Common;C:\Program Files\NVIDIA Corporation\NVIDIA NvDLISR;C:\Program Files (x86)\dotnet\;C:\Program Files\Git\cmd;C:\Program Files\Cloudflare\Cloudflare WARP\;C:\Maven;C:\Program Files\apache-maven-3.8.7\bin;C:\php;C:\ProgramData\ComposerSetup\bin;C:\WINDOWS\system32;C:\WINDOWS;C:\WINDOWS\System32\Wbem;C:\WINDOWS\System32\WindowsPowerShell\v1.0\;C:\WINDOWS\System32\OpenSSH\;C:\MinGW\bin;C:\Program Files\Docker\Docker\resources\bin;C:\Program Files\nodejs\;C:\Program Files\OpenSSL-Win64\bin;C:\Users\AKSHAY\AppData\Local\Android\Sdk;C:\Users\AKSHAY\AppData\Local\Android\Sdk\platform-tools;C:\Users\AKSHAY\AppData\Local\Android\Sdk\emulator;C:\Users\AKSHAY\AppData\Local\Android\Sdk\tools\bin;C:\Users\AKSHAY\AppData\Local\Android\Sdk\platform-tools;C:\dart-sdk\bin;C:\Program Files\Java\jdk-17;C:\flutter\bin;C:\Users\AKSHAY\AppData\Local\Programs\Python\Python39\Scripts\;C:\Users\AKSHAY\AppData\Local\Programs\Python\Python39\;C:\Users\AKSHAY\AppData\Local\Programs\Python\Python38\Scripts\;C:\Users\AKSHAY\AppData\Local\Programs\Python\Python38\;C:\Users\AKSHAY\AppData\Local\Programs\Python\Python310\Scripts\;C:\Users\AKSHAY\AppData\Local\Programs\Python\Python310\;C:\Users\AKSHAY\AppData\Local\Programs\Python\Python311\Scripts\;C:\Users\AKSHAY\AppData\Local\Programs\Python\Python311\;C:\Users\AKSHAY\AppData\Local\Programs\Python\Python37\Scripts\;C:\Users\AKSHAY\AppData\Local\Programs\Python\Python37\;C:\Program Files\MySQL\MySQL Shell 8.0\bin\;C:\Users\AKSHAY\AppData\Local\Microsoft\WindowsApps;C:\Users\AKSHAY\AppData\Local\Programs\Microsoft VS Code\bin;C:\Users\AKSHAY\AppData\Roaming\Composer\vendor\bin;C:\Users\AKSHAY\AppData\Roaming\npm;C:\Users\AKSHAY\AppData\Local\Android\Sdk;C:\Users\AKSHAY\AppData\Local\Android\Sdk\platform-tools;C:\Users
USERNAME=AKSHAY
OS=Windows_NT
PROCESSOR_IDENTIFIER=Intel64 Family 6 Model 165 Stepping 2, GenuineIntel



---------------  S Y S T E M  ---------------

OS:
 Windows 11 , 64 bit Build 22621 (10.0.22621.3085)
OS uptime: 1 days 0:35 hours
Hyper-V role detected

CPU: total 8 (initial active 8) (4 cores per cpu, 2 threads per core) family 6 model 165 stepping 2 microcode 0xe0, cx8, cmov, fxsr, ht, mmx, 3dnowpref, sse, sse2, sse3, ssse3, sse4.1, sse4.2, popcnt, lzcnt, tsc, tscinvbit, avx, avx2, aes, erms, clmul, bmi1, bmi2, adx, fma, vzeroupper, clflush, clflushopt, hv

Memory: 4k page, system-wide physical 16221M (4666M free)
TotalPageFile size 16221M (AvailPageFile size 0M)
current process WorkingSet (physical memory assigned to process): 84M, peak: 85M
current process commit charge ("private bytes"): 206M, peak: 206M

vm_info: OpenJDK 64-Bit Server VM (17.0.3+7) for windows-amd64 JRE (17.0.3+7), built on Apr 19 2022 16:55:35 by "" with MS VC++ 16.7 (VS2019)

END.
