#
# There is insufficient memory for the Java Runtime Environment to continue.
# Native memory allocation (mmap) failed to map 266338304 bytes for G1 virtual space
# Possible reasons:
#   The system is out of physical RAM or swap space
#   The process is running with CompressedOops enabled, and the Java Heap may be blocking the growth of the native heap
# Possible solutions:
#   Reduce memory load on the system
#   Increase physical memory or swap space
#   Check if swap backing store is full
#   Decrease Java heap size (-Xmx/-Xms)
#   Decrease number of Java threads
#   Decrease Java thread stack sizes (-Xss)
#   Set larger code cache with -XX:ReservedCodeCacheSize=
#   JVM is running with Zero Based Compressed Oops mode in which the Java heap is
#     placed in the first 32GB address space. The Java Heap base address is the
#     maximum limit for the native heap growth. Please use -XX:HeapBaseMinAddress
#     to set the Java Heap base and to place the Java Heap above 32GB virtual address.
# This output file may be truncated or incomplete.
#
#  Out of Memory Error (os_windows.cpp:3552), pid=25852, tid=24560
#
# JRE version:  (17.0.9+11) (build )
# Java VM: Java HotSpot(TM) 64-Bit Server VM (17.0.9+11-LTS-201, mixed mode, sharing, tiered, compressed oops, compressed class ptrs, g1 gc, windows-amd64)
# No core dump will be written. Minidumps are not enabled by default on client versions of Windows
#

---------------  S U M M A R Y ------------

Command Line: org.jetbrains.kotlin.cli.jvm.K2JVMCompiler @A:\tinder\android\app\build\20240224_3792876723581199389.compiler.options

Host: Intel(R) Core(TM) i5-10300H CPU @ 2.50GHz, 8 cores, 15G,  Windows 11 , 64 bit Build 22621 (10.0.22621.3085)
Time: Sat Feb 24 22:17:51 2024 India Standard Time elapsed time: 0.019614 seconds (0d 0h 0m 0s)

---------------  T H R E A D  ---------------

Current thread (0x0000022ac1afa690):  JavaThread "Unknown thread" [_thread_in_vm, id=24560, stack(0x0000006d3df00000,0x0000006d3e000000)]

Stack: [0x0000006d3df00000,0x0000006d3e000000]
Native frames: (J=compiled Java code, j=interpreted, Vv=VM code, C=native code)
V  [jvm.dll+0x678a4a]
V  [jvm.dll+0x7d9cfd]
V  [jvm.dll+0x7db60e]
V  [jvm.dll+0x7dbc73]
V  [jvm.dll+0x245e1f]
V  [jvm.dll+0x6758f9]
V  [jvm.dll+0x66a2a2]
V  [jvm.dll+0x303686]
V  [jvm.dll+0x30ac06]
V  [jvm.dll+0x35a48e]
V  [jvm.dll+0x35a6bf]
V  [jvm.dll+0x2da678]
V  [jvm.dll+0x2db5e4]
V  [jvm.dll+0x7ab6b1]
V  [jvm.dll+0x368041]
V  [jvm.dll+0x78a749]
V  [jvm.dll+0x3ebd4f]
V  [jvm.dll+0x3ed7d1]
C  [jli.dll+0x5297]
C  [ucrtbase.dll+0x29363]
C  [KERNEL32.DLL+0x1257d]
C  [ntdll.dll+0x5aa58]


---------------  P R O C E S S  ---------------

Threads class SMR info:
_java_thread_list=0x00007ffcfcd589d8, length=0, elements={
}

Java Threads: ( => current thread )

Other Threads:
  0x0000022ac1b66ba0 GCTaskThread "GC Thread#0" [stack: 0x0000006d3e000000,0x0000006d3e100000] [id=14448]
  0x0000022ac1b77870 ConcurrentGCThread "G1 Main Marker" [stack: 0x0000006d3e100000,0x0000006d3e200000] [id=9864]
  0x0000022ac1b79290 ConcurrentGCThread "G1 Conc#0" [stack: 0x0000006d3e200000,0x0000006d3e300000] [id=27952]

[error occurred during error reporting (printing all threads), id 0xc0000005, EXCEPTION_ACCESS_VIOLATION (0xc0000005) at pc=0x00007ffcfc58b2d7]

VM state: not at safepoint (not fully initialized)

VM Mutex/Monitor currently owned by a thread:  ([mutex/lock_event])
[0x0000022ac1af5b30] Heap_lock - owner thread: 0x0000022ac1afa690

Heap address: 0x0000000702800000, size: 4056 MB, Compressed Oops mode: Zero based, Oop shift amount: 3

CDS archive(s) mapped at: [0x0000000000000000-0x0000000000000000-0x0000000000000000), size 0, SharedBaseAddress: 0x0000000800000000, ArchiveRelocationMode: 1.
Narrow klass base: 0x0000000000000000, Narrow klass shift: 0, Narrow klass range: 0x0

GC Precious Log:
<Empty>

Heap:
 garbage-first heap   total 0K, used 0K [0x0000000702800000, 0x0000000800000000)
  region size 2048K, 0 young (0K), 0 survivors (0K)

[error occurred during error reporting (printing heap information), id 0xc0000005, EXCEPTION_ACCESS_VIOLATION (0xc0000005) at pc=0x00007ffcfc972229]

GC Heap History (0 events):
No events

Deoptimization events (0 events):
No events

Classes unloaded (0 events):
No events

Classes redefined (0 events):
No events

Internal exceptions (0 events):
No events

VM Operations (0 events):
No events

Events (1 events):
Event: 0.014 Loaded shared library C:\Program Files\Java\jdk-17\bin\java.dll


Dynamic libraries:
0x00007ff6ff070000 - 0x00007ff6ff080000 	C:\Program Files\Java\jdk-17\bin\java.exe
0x00007ffd788b0000 - 0x00007ffd78ac7000 	C:\WINDOWS\SYSTEM32\ntdll.dll
0x00007ffd772d0000 - 0x00007ffd77394000 	C:\WINDOWS\System32\KERNEL32.DLL
0x00007ffd75f20000 - 0x00007ffd762c6000 	C:\WINDOWS\System32\KERNELBASE.dll
0x00007ffd75d10000 - 0x00007ffd75e21000 	C:\WINDOWS\System32\ucrtbase.dll
0x00007ffd4cec0000 - 0x00007ffd4ced9000 	C:\Program Files\Java\jdk-17\bin\jli.dll
0x00007ffd53310000 - 0x00007ffd5332b000 	C:\Program Files\Java\jdk-17\bin\VCRUNTIME140.dll
0x00007ffd766b0000 - 0x00007ffd76763000 	C:\WINDOWS\System32\ADVAPI32.dll
0x00007ffd78790000 - 0x00007ffd78837000 	C:\WINDOWS\System32\msvcrt.dll
0x00007ffd76600000 - 0x00007ffd766a8000 	C:\WINDOWS\System32\sechost.dll
0x00007ffd76460000 - 0x00007ffd76488000 	C:\WINDOWS\System32\bcrypt.dll
0x00007ffd76b80000 - 0x00007ffd76c97000 	C:\WINDOWS\System32\RPCRT4.dll
0x00007ffd76770000 - 0x00007ffd7691e000 	C:\WINDOWS\System32\USER32.dll
0x00007ffd76370000 - 0x00007ffd76396000 	C:\WINDOWS\System32\win32u.dll
0x00007ffd78840000 - 0x00007ffd78869000 	C:\WINDOWS\System32\GDI32.dll
0x00007ffd75bf0000 - 0x00007ffd75d08000 	C:\WINDOWS\System32\gdi32full.dll
0x00007ffd762d0000 - 0x00007ffd7636a000 	C:\WINDOWS\System32\msvcp_win.dll
0x00007ffd5d0a0000 - 0x00007ffd5d333000 	C:\WINDOWS\WinSxS\amd64_microsoft.windows.common-controls_6595b64144ccf1df_6.0.22621.2506_none_270c5ae97388e100\COMCTL32.dll
0x00007ffd6e8f0000 - 0x00007ffd6e8fa000 	C:\WINDOWS\SYSTEM32\VERSION.dll
0x00007ffd78740000 - 0x00007ffd78771000 	C:\WINDOWS\System32\IMM32.DLL
0x00007ffd6e570000 - 0x00007ffd6e57c000 	C:\Program Files\Java\jdk-17\bin\vcruntime140_1.dll
0x00007ffd1c740000 - 0x00007ffd1c7ce000 	C:\Program Files\Java\jdk-17\bin\msvcp140.dll
0x00007ffcfc2a0000 - 0x00007ffcfce81000 	C:\Program Files\Java\jdk-17\bin\server\jvm.dll
0x00007ffd771c0000 - 0x00007ffd771c8000 	C:\WINDOWS\System32\PSAPI.DLL
0x00007ffd572e0000 - 0x00007ffd572e9000 	C:\WINDOWS\SYSTEM32\WSOCK32.dll
0x00007ffd6e480000 - 0x00007ffd6e4b4000 	C:\WINDOWS\SYSTEM32\WINMM.dll
0x00007ffd771f0000 - 0x00007ffd77261000 	C:\WINDOWS\System32\WS2_32.dll
0x00007ffd74ce0000 - 0x00007ffd74cf8000 	C:\WINDOWS\SYSTEM32\kernel.appcore.dll
0x00007ffd54290000 - 0x00007ffd5429a000 	C:\Program Files\Java\jdk-17\bin\jimage.dll
0x00007ffd734e0000 - 0x00007ffd73713000 	C:\WINDOWS\SYSTEM32\DBGHELP.DLL
0x00007ffd77830000 - 0x00007ffd77bb9000 	C:\WINDOWS\System32\combase.dll
0x00007ffd77550000 - 0x00007ffd77627000 	C:\WINDOWS\System32\OLEAUT32.dll
0x00007ffd57400000 - 0x00007ffd57432000 	C:\WINDOWS\SYSTEM32\dbgcore.DLL
0x00007ffd75e30000 - 0x00007ffd75eaa000 	C:\WINDOWS\System32\bcryptPrimitives.dll
0x00007ffd4ce90000 - 0x00007ffd4ceb5000 	C:\Program Files\Java\jdk-17\bin\java.dll

dbghelp: loaded successfully - version: 4.0.5 - missing functions: none
symbol engine: initialized successfully - sym options: 0x614 - pdb path: .;C:\Program Files\Java\jdk-17\bin;C:\WINDOWS\SYSTEM32;C:\WINDOWS\WinSxS\amd64_microsoft.windows.common-controls_6595b64144ccf1df_6.0.22621.2506_none_270c5ae97388e100;C:\Program Files\Java\jdk-17\bin\server

VM Arguments:
java_command: org.jetbrains.kotlin.cli.jvm.K2JVMCompiler @A:\tinder\android\app\build\20240224_3792876723581199389.compiler.options
java_class_path (initial): C:\Users\AKSHAY\.gradle\caches\modules-2\files-2.1\org.jetbrains.kotlin\kotlin-compiler-embeddable\1.8.0\eb9118d4bcceaa2a94b2ae2a33a4ddba7c9a947f\kotlin-compiler-embeddable-1.8.0.jar;C:\Users\AKSHAY\.gradle\caches\modules-2\files-2.1\org.jetbrains.kotlin\kotlin-stdlib\1.8.0\1796921c7a3e2e2665a83e6c8d33399336cd39bc\kotlin-stdlib-1.8.0.jar;C:\Users\AKSHAY\.gradle\caches\modules-2\files-2.1\org.jetbrains.kotlin\kotlin-script-runtime\1.8.0\b2f7e760d283cb339974851c222a4c1d48f2d3d\kotlin-script-runtime-1.8.0.jar;C:\Users\AKSHAY\.gradle\caches\modules-2\files-2.1\org.jetbrains.kotlin\kotlin-reflect\1.6.10\1cbe9c92c12a94eea200d23c2bbaedaf3daf5132\kotlin-reflect-1.6.10.jar;C:\Users\AKSHAY\.gradle\caches\modules-2\files-2.1\org.jetbrains.kotlin\kotlin-daemon-embeddable\1.8.0\d255216c551685dc3a7e852b53617f5f01aaaa5c\kotlin-daemon-embeddable-1.8.0.jar;C:\Users\AKSHAY\.gradle\caches\modules-2\files-2.1\org.jetbrains.intellij.deps\trove4j\1.0.20200330\3afb14d5f9ceb459d724e907a21145e8ff394f02\trove4j-1.0.20200330.jar;C:\Users\AKSHAY\.gradle\caches\modules-2\files-2.1\net.java.dev.jna\jna\5.6.0\330f2244e9030119ab3030fc3fededc86713d9cc\jna-5.6.0.jar;C:\Users\AKSHAY\.gradle\caches\modules-2\files-2.1\org.jetbrains.kotlin\kotlin-stdlib-common\1.8.0\f7197e7cc76453ac59f8b0f8d5137cc600becd36\kotlin-stdlib-common-1.8.0.jar;C:\Users\AKSHAY\.gradle\caches\modules-2\files-2.1\org.jetbrains\annotations\13.0\919f0dfe192fb4e063e7dacadee7f8bb9a2672a9\annotations-13.0.jar
Launcher Type: SUN_STANDARD

[Global flags]
     intx CICompilerCount                          = 4                                         {product} {ergonomic}
     uint ConcGCThreads                            = 2                                         {product} {ergonomic}
     uint G1ConcRefinementThreads                  = 8                                         {product} {ergonomic}
   size_t G1HeapRegionSize                         = 2097152                                   {product} {ergonomic}
    uintx GCDrainStackTargetSize                   = 64                                        {product} {ergonomic}
   size_t InitialHeapSize                          = 266338304                                 {product} {ergonomic}
   size_t MarkStackSize                            = 4194304                                   {product} {ergonomic}
   size_t MaxHeapSize                              = 4253024256                                {product} {ergonomic}
   size_t MinHeapDeltaBytes                        = 2097152                                   {product} {ergonomic}
   size_t MinHeapSize                              = 8388608                                   {product} {ergonomic}
    uintx NonNMethodCodeHeapSize                   = 5839372                                {pd product} {ergonomic}
    uintx NonProfiledCodeHeapSize                  = 122909434                              {pd product} {ergonomic}
    uintx ProfiledCodeHeapSize                     = 122909434                              {pd product} {ergonomic}
    uintx ReservedCodeCacheSize                    = 251658240                              {pd product} {ergonomic}
     bool SegmentedCodeCache                       = true                                      {product} {ergonomic}
   size_t SoftMaxHeapSize                          = 4253024256                             {manageable} {ergonomic}
     bool UseCompressedClassPointers               = true                           {product lp64_product} {ergonomic}
     bool UseCompressedOops                        = true                           {product lp64_product} {ergonomic}
     bool UseG1GC                                  = true                                      {product} {ergonomic}
     bool UseLargePagesIndividualAllocation        = false                                  {pd product} {ergonomic}

Logging:
Log output configuration:
 #0: stdout all=warning uptime,level,tags
 #1: stderr all=off uptime,level,tags

Environment Variables:
JAVA_HOME=C:\Program Files\Java\jdk-17
CLASSPATH=A:\tinder\android\\gradle\wrapper\gradle-wrapper.jar
PATH=A:\tinder\node_modules\.bin;A:\tinder\node_modules\.bin;A:\node_modules\.bin;C:\Users\AKSHAY\AppData\Roaming\npm\node_modules\npm\node_modules\@npmcli\run-script\lib\node-gyp-bin;A:\tinder\node_modules\.bin;A:\node_modules\.bin;C:\Users\AKSHAY\AppData\Roaming\npm\node_modules\npm\node_modules\@npmcli\run-script\lib\node-gyp-bin;C:\Program Files\Common Files\Oracle\Java\javapath;C:\Windows\system32;C:\Windows;C:\Windows\System32\Wbem;C:\Windows\System32\WindowsPowerShell\v1.0\;C:\Windows\System32\OpenSSH\;C:\Program Files (x86)\NVIDIA Corporation\PhysX\Common;C:\Program Files\NVIDIA Corporation\NVIDIA NvDLISR;C:\Program Files (x86)\dotnet\;C:\Program Files\Git\cmd;C:\Program Files\Cloudflare\Cloudflare WARP\;C:\Maven;C:\Program Files\apache-maven-3.8.7\bin;C:\php;C:\ProgramData\ComposerSetup\bin;C:\WINDOWS\system32;C:\WINDOWS;C:\WINDOWS\System32\Wbem;C:\WINDOWS\System32\WindowsPowerShell\v1.0\;C:\WINDOWS\System32\OpenSSH\;C:\MinGW\bin;C:\Program Files\Docker\Docker\resources\bin;C:\Program Files\nodejs\;C:\Program Files\OpenSSL-Win64\bin;C:\Users\AKSHAY\AppData\Local\Android\Sdk;C:\Users\AKSHAY\AppData\Local\Android\Sdk\platform-tools;C:\Users\AKSHAY\AppData\Local\Android\Sdk\emulator;C:\Users\AKSHAY\AppData\Local\Android\Sdk\tools\bin;C:\Users\AKSHAY\AppData\Local\Android\Sdk\platform-tools;C:\dart-sdk\bin;C:\Program Files\Java\jdk-17;C:\flutter\bin;C:\Users\AKSHAY\AppData\Local\Programs\Python\Python39\Scripts\;C:\Users\AKSHAY\AppData\Local\Programs\Python\Python39\;C:\Users\AKSHAY\AppData\Local\Programs\Python\Python38\Scripts\;C:\Users\AKSHAY\AppData\Local\Programs\Python\Python38\;C:\Users\AKSHAY\AppData\Local\Programs\Python\Python310\Scripts\;C:\Users\AKSHAY\AppData\Local\Programs\Python\Python310\;C:\Users\AKSHAY\AppData\Local\Programs\Python\Python311\Scripts\;C:\Users\AKSHAY\AppData\Local\Programs\Python\Python311\;C:\Users\AKSHAY\AppData\Local\Programs\Python\Python37\Scripts\;C:\Users\AKSHAY\AppData\Local\Programs\Python\Python37\;C:\Program Files\MySQL
USERNAME=AKSHAY
LANG=en_US.UTF-8
OS=Windows_NT
PROCESSOR_IDENTIFIER=Intel64 Family 6 Model 165 Stepping 2, GenuineIntel



---------------  S Y S T E M  ---------------

OS:
 Windows 11 , 64 bit Build 22621 (10.0.22621.3085)
OS uptime: 1 days 0:31 hours
Hyper-V role detected

CPU: total 8 (initial active 8) (4 cores per cpu, 2 threads per core) family 6 model 165 stepping 2 microcode 0xe0, cx8, cmov, fxsr, ht, mmx, 3dnowpref, sse, sse2, sse3, ssse3, sse4.1, sse4.2, popcnt, lzcnt, tsc, tscinvbit, avx, avx2, aes, erms, clmul, bmi1, bmi2, adx, fma, vzeroupper, clflush, clflushopt, hv

Memory: 4k page, system-wide physical 16221M (4859M free)
TotalPageFile size 16221M (AvailPageFile size 36M)
current process WorkingSet (physical memory assigned to process): 11M, peak: 11M
current process commit charge ("private bytes"): 60M, peak: 314M

vm_info: Java HotSpot(TM) 64-Bit Server VM (17.0.9+11-LTS-201) for windows-amd64 JRE (17.0.9+11-LTS-201), built on Oct 10 2023 23:16:06 by "mach5one" with MS VC++ 17.1 (VS2022)

END.
